Log file open, 10/04/19 18:42:19
LogWindows: Failed to load 'aqProf.dll' (GetLastError=126)
LogWindows: File 'aqProf.dll' does not exist
LogWindows: Failed to load 'VtuneApi.dll' (GetLastError=126)
LogWindows: File 'VtuneApi.dll' does not exist
LogWindows: Failed to load 'VtuneApi32e.dll' (GetLastError=126)
LogWindows: File 'VtuneApi32e.dll' does not exist
LogConsoleResponse: Display: Failed to find resolution value strings in scalability ini. Falling back to default.
LogInit: Display: Running engine for game: gardengame
LogPakFile: Registered encryption key '00000000000000000000000000000000': 0 pak files mounted, 0 remain pending
LogPlatformFile: Not using cached read wrapper
LogTaskGraph: Started task graph with 5 named threads and 35 total threads with 3 sets of task threads.
LogStats: Stats thread started at 0.397620
LogD3D11RHI: Loaded GFSDK_Aftermath_Lib.x64.dll
LogICUInternationalization: ICU TimeZone Detection - Raw Offset: -8:00, Platform Override: ''
LogPluginManager: Mounting plugin Paper2D
LogPluginManager: Mounting plugin AISupport
LogPluginManager: Mounting plugin LightPropagationVolume
LogPluginManager: Mounting plugin ActorLayerUtilities
LogPluginManager: Mounting plugin AnimationSharing
LogPluginManager: Mounting plugin CLionSourceCodeAccess
LogPluginManager: Mounting plugin CodeLiteSourceCodeAccess
LogPluginManager: Mounting plugin GitSourceControl
LogPluginManager: Mounting plugin KDevelopSourceCodeAccess
LogPluginManager: Mounting plugin NullSourceCodeAccess
LogPluginManager: Mounting plugin PerforceSourceControl
LogPluginManager: Mounting plugin SubversionSourceControl
LogPluginManager: Mounting plugin UObjectPlugin
LogPluginManager: Mounting plugin VisualStudioCodeSourceCodeAccess
LogPluginManager: Mounting plugin VisualStudioSourceCodeAccess
LogPluginManager: Mounting plugin XCodeSourceCodeAccess
LogPluginManager: Mounting plugin AssetManagerEditor
LogPluginManager: Mounting plugin CryptoKeys
LogPluginManager: Mounting plugin DataValidation
LogPluginManager: Mounting plugin FacialAnimation
LogPluginManager: Mounting plugin GameplayTagsEditor
LogPluginManager: Mounting plugin MacGraphicsSwitching
LogPluginManager: Mounting plugin MaterialAnalyzer
LogPluginManager: Mounting plugin MobileLauncherProfileWizard
LogPluginManager: Mounting plugin PluginBrowser
LogPluginManager: Mounting plugin SpeedTreeImporter
LogPluginManager: Mounting plugin DatasmithContent
LogPluginManager: Mounting plugin VariantManagerContent
LogPluginManager: Mounting plugin AlembicImporter
LogPluginManager: Mounting plugin AppleImageUtils
LogPluginManager: Mounting plugin AppleVision
LogPluginManager: Mounting plugin BackChannel
LogPluginManager: Mounting plugin CharacterAI
LogPluginManager: Mounting plugin GeometryCache
LogPluginManager: Mounting plugin HTML5Networking
LogPluginManager: Mounting plugin ProxyLODPlugin
LogPluginManager: Mounting plugin SkeletalReduction
LogPluginManager: Mounting plugin MagicLeap
LogPluginManager: Mounting plugin MagicLeapMedia
LogPluginManager: Mounting plugin AndroidMedia
LogPluginManager: Mounting plugin AvfMedia
LogPluginManager: Mounting plugin ImgMedia
LogPluginManager: Mounting plugin LinearTimecode
LogPluginManager: Mounting plugin MediaCompositing
LogPluginManager: Mounting plugin MediaPlayerEditor
LogPluginManager: Mounting plugin WebMMedia
LogPluginManager: Mounting plugin WmfMedia
LogPluginManager: Mounting plugin TcpMessaging
LogPluginManager: Mounting plugin UdpMessaging
LogPluginManager: Mounting plugin ActorSequence
LogPluginManager: Mounting plugin LevelSequenceEditor
LogPluginManager: Mounting plugin MatineeToLevelSequence
LogPluginManager: Mounting plugin NetcodeUnitTest
LogPluginManager: Mounting plugin NUTUnrealEngine4
LogPluginManager: Mounting plugin OnlineSubsystemGooglePlay
LogPluginManager: Mounting plugin OnlineSubsystemIOS
LogPluginManager: Mounting plugin OnlineSubsystem
LogPluginManager: Mounting plugin OnlineSubsystemNull
LogPluginManager: Mounting plugin OnlineSubsystemUtils
LogPluginManager: Mounting plugin LauncherChunkInstaller
LogPluginManager: Mounting plugin AndroidDeviceProfileSelector
LogPluginManager: Mounting plugin AndroidMoviePlayer
LogPluginManager: Mounting plugin AndroidPermission
LogPluginManager: Mounting plugin AppleMoviePlayer
LogPluginManager: Mounting plugin ArchVisCharacter
LogPluginManager: Mounting plugin AudioCapture
LogPluginManager: Mounting plugin CableComponent
LogPluginManager: Mounting plugin CustomMeshComponent
LogPluginManager: Mounting plugin EditableMesh
LogPluginManager: Mounting plugin ExampleDeviceProfileSelector
LogPluginManager: Mounting plugin Firebase
LogPluginManager: Mounting plugin GoogleCloudMessaging
LogPluginManager: Mounting plugin IOSDeviceProfileSelector
LogPluginManager: Mounting plugin LinuxDeviceProfileSelector
LogPluginManager: Mounting plugin LocationServicesBPLibrary
LogPluginManager: Mounting plugin MobilePatchingUtils
LogPluginManager: Mounting plugin OculusVR
LogPluginManager: Mounting plugin PhysXVehicles
LogPluginManager: Mounting plugin ProceduralMeshComponent
LogPluginManager: Mounting plugin RuntimePhysXCooking
LogPluginManager: Mounting plugin SignificanceManager
LogPluginManager: Mounting plugin SteamVR
LogPluginManager: Mounting plugin WebMMoviePlayer
LogPluginManager: Mounting plugin WindowsMoviePlayer
LogInit: Using libcurl 7.55.1-DEV
LogInit:  - built for x86_64-pc-win32
LogInit:  - supports SSL with OpenSSL/1.1.1
LogInit:  - supports HTTP deflate (compression) using libz 1.2.8
LogInit:  - other features:
LogInit:      CURL_VERSION_SSL
LogInit:      CURL_VERSION_LIBZ
LogInit:      CURL_VERSION_IPV6
LogInit:      CURL_VERSION_ASYNCHDNS
LogInit:      CURL_VERSION_LARGEFILE
LogInit:      CURL_VERSION_IDN
LogInit:  CurlRequestOptions (configurable via config and command line):
LogInit:  - bVerifyPeer = true  - Libcurl will verify peer certificate
LogInit:  - bUseHttpProxy = false  - Libcurl will NOT use HTTP proxy
LogInit:  - bDontReuseConnections = false  - Libcurl will reuse connections
LogInit:  - MaxHostConnections = 16  - Libcurl will limit the number of connections to a host
LogInit:  - LocalHostAddr = Default
LogInit:  - BufferSize = 65536
LogInit: WinSock: version 1.1 (2.2), MaxSocks=32767, MaxUdp=65467
LogInit: Build: ++UE4+Release-4.22-CL-7053642
LogInit: Engine Version: 4.22.3-7053642+++UE4+Release-4.22
LogInit: Compatible Engine Version: 4.22.0-5660361+++UE4+Release-4.22
LogInit: Net CL: 5660361
LogInit: OS: Windows 10 (Release 1903) (), CPU: Intel(R) Core(TM) i7-8700 CPU @ 3.20GHz, GPU: NVIDIA GeForce GTX 1080
LogInit: Compiled (64-bit): Jun 18 2019 03:09:11
LogInit: Compiled with Visual C++: 19.16.27025.01
LogInit: Build Configuration: Development
LogInit: Branch Name: ++UE4+Release-4.22
LogInit: Command Line: 
LogInit: Base Directory: D:/Program Files (x86)/Epic Games/UE_4.22/Engine/Binaries/Win64/
LogInit: Installed Engine Build: 1
LogDevObjectVersion: Number of dev versions registered: 23
LogDevObjectVersion:   Dev-Blueprints (B0D832E4-1F89-4F0D-ACCF-7EB736FD4AA2): 10
LogDevObjectVersion:   Dev-Build (E1C64328-A22C-4D53-A36C-8E866417BD8C): 0
LogDevObjectVersion:   Dev-Core (375EC13C-06E4-48FB-B500-84F0262A717E): 3
LogDevObjectVersion:   Dev-Editor (E4B068ED-F494-42E9-A231-DA0B2E46BB41): 30
LogDevObjectVersion:   Dev-Framework (CFFC743F-43B0-4480-9391-14DF171D2073): 35
LogDevObjectVersion:   Dev-Mobile (B02B49B5-BB20-44E9-A304-32B752E40360): 2
LogDevObjectVersion:   Dev-Networking (A4E4105C-59A1-49B5-A7C5-40C4547EDFEE): 0
LogDevObjectVersion:   Dev-Online (39C831C9-5AE6-47DC-9A44-9C173E1C8E7C): 0
LogDevObjectVersion:   Dev-Physics (78F01B33-EBEA-4F98-B9B4-84EACCB95AA2): 0
LogDevObjectVersion:   Dev-Platform (6631380F-2D4D-43E0-8009-CF276956A95A): 0
LogDevObjectVersion:   Dev-Rendering (12F88B9F-8875-4AFC-A67C-D90C383ABD29): 28
LogDevObjectVersion:   Dev-Sequencer (7B5AE74C-D270-4C10-A958-57980B212A5A): 11
LogDevObjectVersion:   Dev-VR (D7296918-1DD6-4BDD-9DE2-64A83CC13884): 2
LogDevObjectVersion:   Dev-LoadTimes (C2A15278-BFE7-4AFE-6C17-90FF531DF755): 1
LogDevObjectVersion:   Private-Geometry (6EACA3D4-40EC-4CC1-B786-8BED09428FC5): 3
LogDevObjectVersion:   Dev-AnimPhys (29E575DD-E0A3-4627-9D10-D276232CDCEA): 17
LogDevObjectVersion:   Dev-Anim (AF43A65D-7FD3-4947-9873-3E8ED9C1BB05): 2
LogDevObjectVersion:   Dev-ReflectionCapture (6B266CEC-1EC7-4B8F-A30B-E4D90942FC07): 1
LogDevObjectVersion:   Dev-Automation (0DF73D61-A23F-47EA-B727-89E90C41499A): 1
LogDevObjectVersion:   FortniteMain (601D1886-AC64-4F84-AA16-D3DE0DEAC7D6): 25
LogDevObjectVersion:   Dev-Enterprise (9DFFBCD6-494F-0158-E221-12823C92A888): 6
LogDevObjectVersion:   Dev-Niagara (F2AED0AC-9AFE-416F-8664-AA7FFA26D6FC): 1
LogDevObjectVersion:   Dev-Destruction (174F1F0B-B4C6-45A5-B13F-2EE8D0FB917D): 2
LogInit: Presizing for max 16777216 objects, including 0 objects not considered by GC, pre-allocating 0 bytes for permanent pool.
LogInit: Object subsystem initialized
LogConfig: Setting CVar [[con.DebugEarlyDefault:1]]
LogConfig: Setting CVar [[r.setres:1280x720]]
[2019.10.05-01.42.19:476][  0]LogConfig: Setting CVar [[r.VSync:0]]
[2019.10.05-01.42.19:476][  0]LogConfig: Setting CVar [[r.RHICmdBypass:0]]
[2019.10.05-01.42.19:476][  0]LogConfig: Applying CVar settings from Section [/Script/Engine.RendererSettings] File [C:/Users/Westo/Documents/GitHub/Gardening/gardengame/Saved/Config/Windows/Engine.ini]
[2019.10.05-01.42.19:476][  0]LogConfig: Setting CVar [[r.GPUCrashDebugging:0]]
[2019.10.05-01.42.19:476][  0]LogConfig: Setting CVar [[r.DefaultFeature.Bloom:0]]
[2019.10.05-01.42.19:476][  0]LogConfig: Setting CVar [[r.DefaultFeature.AmbientOcclusion:0]]
[2019.10.05-01.42.19:476][  0]LogConfig: Setting CVar [[r.DefaultFeature.AmbientOcclusionStaticFraction:0]]
[2019.10.05-01.42.19:476][  0]LogConfig: Setting CVar [[r.DefaultFeature.AutoExposure:0]]
[2019.10.05-01.42.19:476][  0]LogConfig: Setting CVar [[r.DefaultFeature.MotionBlur:0]]
[2019.10.05-01.42.19:476][  0]LogConfig: Setting CVar [[r.DefaultFeature.AntiAliasing:0]]
[2019.10.05-01.42.19:476][  0]LogConfig: Setting CVar [[r.RayTracing:0]]
[2019.10.05-01.42.19:476][  0]LogConfig: Applying CVar settings from Section [/Script/Engine.RendererOverrideSettings] File [C:/Users/Westo/Documents/GitHub/Gardening/gardengame/Saved/Config/Windows/Engine.ini]
[2019.10.05-01.42.19:476][  0]LogConfig: Applying CVar settings from Section [/Script/Engine.StreamingSettings] File [C:/Users/Westo/Documents/GitHub/Gardening/gardengame/Saved/Config/Windows/Engine.ini]
[2019.10.05-01.42.19:476][  0]LogConfig: Setting CVar [[s.MinBulkDataSizeForAsyncLoading:131072]]
[2019.10.05-01.42.19:476][  0]LogConfig: Setting CVar [[s.AsyncLoadingThreadEnabled:0]]
[2019.10.05-01.42.19:476][  0]LogConfig: Setting CVar [[s.EventDrivenLoaderEnabled:1]]
[2019.10.05-01.42.19:476][  0]LogConfig: Setting CVar [[s.WarnIfTimeLimitExceeded:0]]
[2019.10.05-01.42.19:477][  0]LogConfig: Setting CVar [[s.TimeLimitExceededMultiplier:1.5]]
[2019.10.05-01.42.19:477][  0]LogConfig: Setting CVar [[s.TimeLimitExceededMinTime:0.005]]
[2019.10.05-01.42.19:477][  0]LogConfig: Setting CVar [[s.UseBackgroundLevelStreaming:1]]
[2019.10.05-01.42.19:477][  0]LogConfig: Setting CVar [[s.PriorityAsyncLoadingExtraTime:15.0]]
[2019.10.05-01.42.19:477][  0]LogConfig: Setting CVar [[s.LevelStreamingActorsUpdateTimeLimit:5.0]]
[2019.10.05-01.42.19:477][  0]LogConfig: Setting CVar [[s.PriorityLevelStreamingActorsUpdateExtraTime:5.0]]
[2019.10.05-01.42.19:477][  0]LogConfig: Setting CVar [[s.LevelStreamingComponentsRegistrationGranularity:10]]
[2019.10.05-01.42.19:477][  0]LogConfig: Setting CVar [[s.UnregisterComponentsTimeLimit:1.0]]
[2019.10.05-01.42.19:477][  0]LogConfig: Setting CVar [[s.LevelStreamingComponentsUnregistrationGranularity:5]]
[2019.10.05-01.42.19:477][  0]LogConfig: Applying CVar settings from Section [/Script/Engine.GarbageCollectionSettings] File [C:/Users/Westo/Documents/GitHub/Gardening/gardengame/Saved/Config/Windows/Engine.ini]
[2019.10.05-01.42.19:477][  0]LogConfig: Setting CVar [[gc.MaxObjectsNotConsideredByGC:1]]
[2019.10.05-01.42.19:477][  0]LogConfig: Setting CVar [[gc.SizeOfPermanentObjectPool:0]]
[2019.10.05-01.42.19:477][  0]LogConfig: Setting CVar [[gc.FlushStreamingOnGC:0]]
[2019.10.05-01.42.19:477][  0]LogConfig: Setting CVar [[gc.NumRetriesBeforeForcingGC:10]]
[2019.10.05-01.42.19:477][  0]LogConfig: Setting CVar [[gc.AllowParallelGC:1]]
[2019.10.05-01.42.19:477][  0]LogConfig: Setting CVar [[gc.TimeBetweenPurgingPendingKillObjects:61.1]]
[2019.10.05-01.42.19:477][  0]LogConfig: Setting CVar [[gc.MaxObjectsInEditor:16777216]]
[2019.10.05-01.42.19:477][  0]LogConfig: Setting CVar [[gc.IncrementalBeginDestroyEnabled:1]]
[2019.10.05-01.42.19:477][  0]LogConfig: Setting CVar [[gc.CreateGCClusters:1]]
[2019.10.05-01.42.19:477][  0]LogConfig: Setting CVar [[gc.MinGCClusterSize:5]]
[2019.10.05-01.42.19:477][  0]LogConfig: Setting CVar [[gc.ActorClusteringEnabled:0]]
[2019.10.05-01.42.19:477][  0]LogConfig: Setting CVar [[gc.BlueprintClusteringEnabled:0]]
[2019.10.05-01.42.19:477][  0]LogConfig: Setting CVar [[gc.UseDisregardForGCOnDedicatedServers:0]]
[2019.10.05-01.42.19:477][  0]LogConfig: Applying CVar settings from Section [/Script/Engine.NetworkSettings] File [C:/Users/Westo/Documents/GitHub/Gardening/gardengame/Saved/Config/Windows/Engine.ini]
[2019.10.05-01.42.19:477][  0]LogConfig: Applying CVar settings from Section [/Script/UnrealEd.CookerSettings] File [C:/Users/Westo/Documents/GitHub/Gardening/gardengame/Saved/Config/Windows/Engine.ini]
[2019.10.05-01.42.19:487][  0]LogConfig: Applying CVar settings from Section [ViewDistanceQuality@3] File [C:/Users/Westo/Documents/GitHub/Gardening/gardengame/Saved/Config/Windows/Scalability.ini]
[2019.10.05-01.42.19:487][  0]LogConfig: Setting CVar [[r.SkeletalMeshLODBias:0]]
[2019.10.05-01.42.19:487][  0]LogConfig: Setting CVar [[r.ViewDistanceScale:1.0]]
[2019.10.05-01.42.19:487][  0]LogConfig: Applying CVar settings from Section [AntiAliasingQuality@3] File [C:/Users/Westo/Documents/GitHub/Gardening/gardengame/Saved/Config/Windows/Scalability.ini]
[2019.10.05-01.42.19:487][  0]LogConfig: Setting CVar [[r.PostProcessAAQuality:4]]
[2019.10.05-01.42.19:487][  0]LogConfig: Applying CVar settings from Section [ShadowQuality@3] File [C:/Users/Westo/Documents/GitHub/Gardening/gardengame/Saved/Config/Windows/Scalability.ini]
[2019.10.05-01.42.19:487][  0]LogConfig: Setting CVar [[r.LightFunctionQuality:1]]
[2019.10.05-01.42.19:487][  0]LogConfig: Setting CVar [[r.ShadowQuality:5]]
[2019.10.05-01.42.19:487][  0]LogConfig: Setting CVar [[r.Shadow.CSM.MaxCascades:10]]
[2019.10.05-01.42.19:487][  0]LogConfig: Setting CVar [[r.Shadow.MaxResolution:2048]]
[2019.10.05-01.42.19:487][  0]LogConfig: Setting CVar [[r.Shadow.MaxCSMResolution:2048]]
[2019.10.05-01.42.19:487][  0]LogConfig: Setting CVar [[r.Shadow.RadiusThreshold:0.01]]
[2019.10.05-01.42.19:487][  0]LogConfig: Setting CVar [[r.Shadow.DistanceScale:1.0]]
[2019.10.05-01.42.19:487][  0]LogConfig: Setting CVar [[r.Shadow.CSM.TransitionScale:1.0]]
[2019.10.05-01.42.19:487][  0]LogConfig: Setting CVar [[r.Shadow.PreShadowResolutionFactor:1.0]]
[2019.10.05-01.42.19:487][  0]LogConfig: Setting CVar [[r.DistanceFieldShadowing:1]]
[2019.10.05-01.42.19:487][  0]LogConfig: Setting CVar [[r.DistanceFieldAO:1]]
[2019.10.05-01.42.19:487][  0]LogConfig: Setting CVar [[r.AOQuality:2]]
[2019.10.05-01.42.19:487][  0]LogConfig: Setting CVar [[r.VolumetricFog:1]]
[2019.10.05-01.42.19:487][  0]LogConfig: Setting CVar [[r.VolumetricFog.GridPixelSize:8]]
[2019.10.05-01.42.19:487][  0]LogConfig: Setting CVar [[r.VolumetricFog.GridSizeZ:128]]
[2019.10.05-01.42.19:487][  0]LogConfig: Setting CVar [[r.VolumetricFog.HistoryMissSupersampleCount:4]]
[2019.10.05-01.42.19:487][  0]LogConfig: Setting CVar [[r.LightMaxDrawDistanceScale:1]]
[2019.10.05-01.42.19:487][  0]LogConfig: Setting CVar [[r.CapsuleShadows:1]]
[2019.10.05-01.42.19:487][  0]LogConfig: Applying CVar settings from Section [PostProcessQuality@3] File [C:/Users/Westo/Documents/GitHub/Gardening/gardengame/Saved/Config/Windows/Scalability.ini]
[2019.10.05-01.42.19:487][  0]LogConfig: Setting CVar [[r.MotionBlurQuality:4]]
[2019.10.05-01.42.19:487][  0]LogConfig: Setting CVar [[r.AmbientOcclusionMipLevelFactor:0.4]]
[2019.10.05-01.42.19:487][  0]LogConfig: Setting CVar [[r.AmbientOcclusionMaxQuality:100]]
[2019.10.05-01.42.19:487][  0]LogConfig: Setting CVar [[r.AmbientOcclusionLevels:-1]]
[2019.10.05-01.42.19:487][  0]LogConfig: Setting CVar [[r.AmbientOcclusionRadiusScale:1.0]]
[2019.10.05-01.42.19:487][  0]LogConfig: Setting CVar [[r.DepthOfFieldQuality:2]]
[2019.10.05-01.42.19:487][  0]LogConfig: Setting CVar [[r.RenderTargetPoolMin:400]]
[2019.10.05-01.42.19:487][  0]LogConfig: Setting CVar [[r.LensFlareQuality:2]]
[2019.10.05-01.42.19:487][  0]LogConfig: Setting CVar [[r.SceneColorFringeQuality:1]]
[2019.10.05-01.42.19:487][  0]LogConfig: Setting CVar [[r.EyeAdaptationQuality:2]]
[2019.10.05-01.42.19:487][  0]LogConfig: Setting CVar [[r.BloomQuality:5]]
[2019.10.05-01.42.19:487][  0]LogConfig: Setting CVar [[r.FastBlurThreshold:100]]
[2019.10.05-01.42.19:487][  0]LogConfig: Setting CVar [[r.Upscale.Quality:3]]
[2019.10.05-01.42.19:487][  0]LogConfig: Setting CVar [[r.Tonemapper.GrainQuantization:1]]
[2019.10.05-01.42.19:487][  0]LogConfig: Setting CVar [[r.LightShaftQuality:1]]
[2019.10.05-01.42.19:487][  0]LogConfig: Setting CVar [[r.Filter.SizeScale:1]]
[2019.10.05-01.42.19:487][  0]LogConfig: Setting CVar [[r.Tonemapper.Quality:5]]
[2019.10.05-01.42.19:487][  0]LogConfig: Setting CVar [[r.DOF.Gather.AccumulatorQuality:1        ; higher gathering accumulator quality]]
[2019.10.05-01.42.19:487][  0]LogConfig: Setting CVar [[r.DOF.Gather.PostfilterMethod:1          ; Median3x3 postfilering method]]
[2019.10.05-01.42.19:487][  0]LogConfig: Setting CVar [[r.DOF.Gather.EnableBokehSettings:0       ; no bokeh simulation when gathering]]
[2019.10.05-01.42.19:487][  0]LogConfig: Setting CVar [[r.DOF.Gather.RingCount:4                 ; medium number of samples when gathering]]
[2019.10.05-01.42.19:487][  0]LogConfig: Setting CVar [[r.DOF.Scatter.ForegroundCompositing:1    ; additive foreground scattering]]
[2019.10.05-01.42.19:487][  0]LogConfig: Setting CVar [[r.DOF.Scatter.BackgroundCompositing:2    ; additive background scattering]]
[2019.10.05-01.42.19:487][  0]LogConfig: Setting CVar [[r.DOF.Scatter.EnableBokehSettings:1      ; bokeh simulation when scattering]]
[2019.10.05-01.42.19:487][  0]LogConfig: Setting CVar [[r.DOF.Scatter.MaxSpriteRatio:0.1         ; only a maximum of 10% of scattered bokeh]]
[2019.10.05-01.42.19:487][  0]LogConfig: Setting CVar [[r.DOF.Recombine.Quality:1                ; cheap slight out of focus]]
[2019.10.05-01.42.19:487][  0]LogConfig: Setting CVar [[r.DOF.Recombine.EnableBokehSettings:0    ; no bokeh simulation on slight out of focus]]
[2019.10.05-01.42.19:487][  0]LogConfig: Setting CVar [[r.DOF.TemporalAAQuality:1                ; more stable temporal accumulation]]
[2019.10.05-01.42.19:487][  0]LogConfig: Setting CVar [[r.DOF.Kernel.MaxForegroundRadius:0.025]]
[2019.10.05-01.42.19:487][  0]LogConfig: Setting CVar [[r.DOF.Kernel.MaxBackgroundRadius:0.025]]
[2019.10.05-01.42.19:487][  0]LogConfig: Applying CVar settings from Section [TextureQuality@3] File [C:/Users/Westo/Documents/GitHub/Gardening/gardengame/Saved/Config/Windows/Scalability.ini]
[2019.10.05-01.42.19:487][  0]LogConfig: Setting CVar [[r.Streaming.MipBias:0]]
[2019.10.05-01.42.19:487][  0]LogConfig: Setting CVar [[r.Streaming.AmortizeCPUToGPUCopy:0]]
[2019.10.05-01.42.19:487][  0]LogConfig: Setting CVar [[r.Streaming.MaxNumTexturesToStreamPerFrame:0]]
[2019.10.05-01.42.19:487][  0]LogConfig: Setting CVar [[r.Streaming.Boost:1]]
[2019.10.05-01.42.19:487][  0]LogConfig: Setting CVar [[r.MaxAnisotropy:8]]
[2019.10.05-01.42.19:487][  0]LogConfig: Setting CVar [[r.Streaming.LimitPoolSizeToVRAM:0]]
[2019.10.05-01.42.19:487][  0]LogConfig: Setting CVar [[r.Streaming.PoolSize:1000]]
[2019.10.05-01.42.19:487][  0]LogConfig: Setting CVar [[r.Streaming.MaxEffectiveScreenSize:0]]
[2019.10.05-01.42.19:487][  0]LogConfig: Applying CVar settings from Section [EffectsQuality@3] File [C:/Users/Westo/Documents/GitHub/Gardening/gardengame/Saved/Config/Windows/Scalability.ini]
[2019.10.05-01.42.19:487][  0]LogConfig: Setting CVar [[r.TranslucencyLightingVolumeDim:64]]
[2019.10.05-01.42.19:487][  0]LogConfig: Setting CVar [[r.RefractionQuality:2]]
[2019.10.05-01.42.19:487][  0]LogConfig: Setting CVar [[r.SSR.Quality:3]]
[2019.10.05-01.42.19:487][  0]LogConfig: Setting CVar [[r.SceneColorFormat:4]]
[2019.10.05-01.42.19:487][  0]LogConfig: Setting CVar [[r.DetailMode:2]]
[2019.10.05-01.42.19:487][  0]LogConfig: Setting CVar [[r.TranslucencyVolumeBlur:1]]
[2019.10.05-01.42.19:487][  0]LogConfig: Setting CVar [[r.MaterialQualityLevel:1 ; High quality]]
[2019.10.05-01.42.19:487][  0]LogConfig: Setting CVar [[r.SSS.Scale:1]]
[2019.10.05-01.42.19:487][  0]LogConfig: Setting CVar [[r.SSS.SampleSet:2]]
[2019.10.05-01.42.19:487][  0]LogConfig: Setting CVar [[r.SSS.Quality:1]]
[2019.10.05-01.42.19:487][  0]LogConfig: Setting CVar [[r.SSS.HalfRes:1]]
[2019.10.05-01.42.19:487][  0]LogConfig: Setting CVar [[r.EmitterSpawnRateScale:1.0]]
[2019.10.05-01.42.19:487][  0]LogConfig: Setting CVar [[r.ParticleLightQuality:2]]
[2019.10.05-01.42.19:488][  0]LogConfig: Applying CVar settings from Section [FoliageQuality@3] File [C:/Users/Westo/Documents/GitHub/Gardening/gardengame/Saved/Config/Windows/Scalability.ini]
[2019.10.05-01.42.19:488][  0]LogConfig: Setting CVar [[foliage.DensityScale:1.0]]
[2019.10.05-01.42.19:488][  0]LogConfig: Setting CVar [[grass.DensityScale:1.0]]
[2019.10.05-01.42.19:488][  0]LogInit: Selected Device Profile: [Windows]
[2019.10.05-01.42.19:488][  0]LogInit: Applying CVar settings loaded from the selected device profile: [Windows]
[2019.10.05-01.42.19:497][  0]LogHAL: Display: Platform has ~ 16 GB [16977653760 / 17179869184 / 16], which maps to Larger [LargestMinGB=32, LargerMinGB=12, DefaultMinGB=8, SmallerMinGB=6, SmallestMinGB=0)
[2019.10.05-01.42.19:497][  0]LogConfig: Setting CVar [[r.Vulkan.UseRealUBs:0		; Required until we fix HLR fall-out]]
[2019.10.05-01.42.19:497][  0]LogInit: Going up to parent DeviceProfile []
[2019.10.05-01.42.19:497][  0]LogConfig: Applying CVar settings from Section [ViewDistanceQuality@3] File [C:/Users/Westo/Documents/GitHub/Gardening/gardengame/Saved/Config/Windows/Scalability.ini]
[2019.10.05-01.42.19:497][  0]LogConfig: Setting CVar [[r.SkeletalMeshLODBias:0]]
[2019.10.05-01.42.19:497][  0]LogConfig: Setting CVar [[r.ViewDistanceScale:1.0]]
[2019.10.05-01.42.19:497][  0]LogConfig: Applying CVar settings from Section [AntiAliasingQuality@3] File [C:/Users/Westo/Documents/GitHub/Gardening/gardengame/Saved/Config/Windows/Scalability.ini]
[2019.10.05-01.42.19:497][  0]LogConfig: Setting CVar [[r.PostProcessAAQuality:4]]
[2019.10.05-01.42.19:497][  0]LogConfig: Applying CVar settings from Section [ShadowQuality@3] File [C:/Users/Westo/Documents/GitHub/Gardening/gardengame/Saved/Config/Windows/Scalability.ini]
[2019.10.05-01.42.19:497][  0]LogConfig: Setting CVar [[r.LightFunctionQuality:1]]
[2019.10.05-01.42.19:497][  0]LogConfig: Setting CVar [[r.ShadowQuality:5]]
[2019.10.05-01.42.19:497][  0]LogConfig: Setting CVar [[r.Shadow.CSM.MaxCascades:10]]
[2019.10.05-01.42.19:497][  0]LogConfig: Setting CVar [[r.Shadow.MaxResolution:2048]]
[2019.10.05-01.42.19:497][  0]LogConfig: Setting CVar [[r.Shadow.MaxCSMResolution:2048]]
[2019.10.05-01.42.19:497][  0]LogConfig: Setting CVar [[r.Shadow.RadiusThreshold:0.01]]
[2019.10.05-01.42.19:497][  0]LogConfig: Setting CVar [[r.Shadow.DistanceScale:1.0]]
[2019.10.05-01.42.19:497][  0]LogConfig: Setting CVar [[r.Shadow.CSM.TransitionScale:1.0]]
[2019.10.05-01.42.19:497][  0]LogConfig: Setting CVar [[r.Shadow.PreShadowResolutionFactor:1.0]]
[2019.10.05-01.42.19:497][  0]LogConfig: Setting CVar [[r.DistanceFieldShadowing:1]]
[2019.10.05-01.42.19:497][  0]LogConfig: Setting CVar [[r.DistanceFieldAO:1]]
[2019.10.05-01.42.19:497][  0]LogConfig: Setting CVar [[r.AOQuality:2]]
[2019.10.05-01.42.19:497][  0]LogConfig: Setting CVar [[r.VolumetricFog:1]]
[2019.10.05-01.42.19:497][  0]LogConfig: Setting CVar [[r.VolumetricFog.GridPixelSize:8]]
[2019.10.05-01.42.19:497][  0]LogConfig: Setting CVar [[r.VolumetricFog.GridSizeZ:128]]
[2019.10.05-01.42.19:497][  0]LogConfig: Setting CVar [[r.VolumetricFog.HistoryMissSupersampleCount:4]]
[2019.10.05-01.42.19:497][  0]LogConfig: Setting CVar [[r.LightMaxDrawDistanceScale:1]]
[2019.10.05-01.42.19:497][  0]LogConfig: Setting CVar [[r.CapsuleShadows:1]]
[2019.10.05-01.42.19:497][  0]LogConfig: Applying CVar settings from Section [PostProcessQuality@3] File [C:/Users/Westo/Documents/GitHub/Gardening/gardengame/Saved/Config/Windows/Scalability.ini]
[2019.10.05-01.42.19:497][  0]LogConfig: Setting CVar [[r.MotionBlurQuality:4]]
[2019.10.05-01.42.19:497][  0]LogConfig: Setting CVar [[r.AmbientOcclusionMipLevelFactor:0.4]]
[2019.10.05-01.42.19:497][  0]LogConfig: Setting CVar [[r.AmbientOcclusionMaxQuality:100]]
[2019.10.05-01.42.19:497][  0]LogConfig: Setting CVar [[r.AmbientOcclusionLevels:-1]]
[2019.10.05-01.42.19:497][  0]LogConfig: Setting CVar [[r.AmbientOcclusionRadiusScale:1.0]]
[2019.10.05-01.42.19:497][  0]LogConfig: Setting CVar [[r.DepthOfFieldQuality:2]]
[2019.10.05-01.42.19:497][  0]LogConfig: Setting CVar [[r.RenderTargetPoolMin:400]]
[2019.10.05-01.42.19:497][  0]LogConfig: Setting CVar [[r.LensFlareQuality:2]]
[2019.10.05-01.42.19:497][  0]LogConfig: Setting CVar [[r.SceneColorFringeQuality:1]]
[2019.10.05-01.42.19:497][  0]LogConfig: Setting CVar [[r.EyeAdaptationQuality:2]]
[2019.10.05-01.42.19:497][  0]LogConfig: Setting CVar [[r.BloomQuality:5]]
[2019.10.05-01.42.19:497][  0]LogConfig: Setting CVar [[r.FastBlurThreshold:100]]
[2019.10.05-01.42.19:497][  0]LogConfig: Setting CVar [[r.Upscale.Quality:3]]
[2019.10.05-01.42.19:497][  0]LogConfig: Setting CVar [[r.Tonemapper.GrainQuantization:1]]
[2019.10.05-01.42.19:497][  0]LogConfig: Setting CVar [[r.LightShaftQuality:1]]
[2019.10.05-01.42.19:497][  0]LogConfig: Setting CVar [[r.Filter.SizeScale:1]]
[2019.10.05-01.42.19:497][  0]LogConfig: Setting CVar [[r.Tonemapper.Quality:5]]
[2019.10.05-01.42.19:497][  0]LogConfig: Setting CVar [[r.DOF.Gather.AccumulatorQuality:1        ; higher gathering accumulator quality]]
[2019.10.05-01.42.19:497][  0]LogConfig: Setting CVar [[r.DOF.Gather.PostfilterMethod:1          ; Median3x3 postfilering method]]
[2019.10.05-01.42.19:497][  0]LogConfig: Setting CVar [[r.DOF.Gather.EnableBokehSettings:0       ; no bokeh simulation when gathering]]
[2019.10.05-01.42.19:497][  0]LogConfig: Setting CVar [[r.DOF.Gather.RingCount:4                 ; medium number of samples when gathering]]
[2019.10.05-01.42.19:497][  0]LogConfig: Setting CVar [[r.DOF.Scatter.ForegroundCompositing:1    ; additive foreground scattering]]
[2019.10.05-01.42.19:497][  0]LogConfig: Setting CVar [[r.DOF.Scatter.BackgroundCompositing:2    ; additive background scattering]]
[2019.10.05-01.42.19:497][  0]LogConfig: Setting CVar [[r.DOF.Scatter.EnableBokehSettings:1      ; bokeh simulation when scattering]]
[2019.10.05-01.42.19:497][  0]LogConfig: Setting CVar [[r.DOF.Scatter.MaxSpriteRatio:0.1         ; only a maximum of 10% of scattered bokeh]]
[2019.10.05-01.42.19:497][  0]LogConfig: Setting CVar [[r.DOF.Recombine.Quality:1                ; cheap slight out of focus]]
[2019.10.05-01.42.19:497][  0]LogConfig: Setting CVar [[r.DOF.Recombine.EnableBokehSettings:0    ; no bokeh simulation on slight out of focus]]
[2019.10.05-01.42.19:497][  0]LogConfig: Setting CVar [[r.DOF.TemporalAAQuality:1                ; more stable temporal accumulation]]
[2019.10.05-01.42.19:497][  0]LogConfig: Setting CVar [[r.DOF.Kernel.MaxForegroundRadius:0.025]]
[2019.10.05-01.42.19:497][  0]LogConfig: Setting CVar [[r.DOF.Kernel.MaxBackgroundRadius:0.025]]
[2019.10.05-01.42.19:497][  0]LogConfig: Applying CVar settings from Section [TextureQuality@3] File [C:/Users/Westo/Documents/GitHub/Gardening/gardengame/Saved/Config/Windows/Scalability.ini]
[2019.10.05-01.42.19:497][  0]LogConfig: Setting CVar [[r.Streaming.MipBias:0]]
[2019.10.05-01.42.19:497][  0]LogConfig: Setting CVar [[r.Streaming.AmortizeCPUToGPUCopy:0]]
[2019.10.05-01.42.19:497][  0]LogConfig: Setting CVar [[r.Streaming.MaxNumTexturesToStreamPerFrame:0]]
[2019.10.05-01.42.19:497][  0]LogConfig: Setting CVar [[r.Streaming.Boost:1]]
[2019.10.05-01.42.19:497][  0]LogConfig: Setting CVar [[r.MaxAnisotropy:8]]
[2019.10.05-01.42.19:497][  0]LogConfig: Setting CVar [[r.Streaming.LimitPoolSizeToVRAM:0]]
[2019.10.05-01.42.19:498][  0]LogConfig: Setting CVar [[r.Streaming.PoolSize:1000]]
[2019.10.05-01.42.19:498][  0]LogConfig: Setting CVar [[r.Streaming.MaxEffectiveScreenSize:0]]
[2019.10.05-01.42.19:498][  0]LogConfig: Applying CVar settings from Section [EffectsQuality@3] File [C:/Users/Westo/Documents/GitHub/Gardening/gardengame/Saved/Config/Windows/Scalability.ini]
[2019.10.05-01.42.19:498][  0]LogConfig: Setting CVar [[r.TranslucencyLightingVolumeDim:64]]
[2019.10.05-01.42.19:498][  0]LogConfig: Setting CVar [[r.RefractionQuality:2]]
[2019.10.05-01.42.19:498][  0]LogConfig: Setting CVar [[r.SSR.Quality:3]]
[2019.10.05-01.42.19:498][  0]LogConfig: Setting CVar [[r.SceneColorFormat:4]]
[2019.10.05-01.42.19:498][  0]LogConfig: Setting CVar [[r.DetailMode:2]]
[2019.10.05-01.42.19:498][  0]LogConfig: Setting CVar [[r.TranslucencyVolumeBlur:1]]
[2019.10.05-01.42.19:498][  0]LogConfig: Setting CVar [[r.MaterialQualityLevel:1 ; High quality]]
[2019.10.05-01.42.19:498][  0]LogConfig: Setting CVar [[r.SSS.Scale:1]]
[2019.10.05-01.42.19:498][  0]LogConfig: Setting CVar [[r.SSS.SampleSet:2]]
[2019.10.05-01.42.19:498][  0]LogConfig: Setting CVar [[r.SSS.Quality:1]]
[2019.10.05-01.42.19:498][  0]LogConfig: Setting CVar [[r.SSS.HalfRes:1]]
[2019.10.05-01.42.19:498][  0]LogConfig: Setting CVar [[r.EmitterSpawnRateScale:1.0]]
[2019.10.05-01.42.19:498][  0]LogConfig: Setting CVar [[r.ParticleLightQuality:2]]
[2019.10.05-01.42.19:498][  0]LogConfig: Applying CVar settings from Section [FoliageQuality@3] File [C:/Users/Westo/Documents/GitHub/Gardening/gardengame/Saved/Config/Windows/Scalability.ini]
[2019.10.05-01.42.19:498][  0]LogConfig: Setting CVar [[foliage.DensityScale:1.0]]
[2019.10.05-01.42.19:498][  0]LogConfig: Setting CVar [[grass.DensityScale:1.0]]
[2019.10.05-01.42.19:498][  0]LogConfig: Applying CVar settings from Section [Startup] File [../../../Engine/Config/ConsoleVariables.ini]
[2019.10.05-01.42.19:498][  0]LogConfig: Setting CVar [[net.UseAdaptiveNetUpdateFrequency:0]]
[2019.10.05-01.42.19:498][  0]LogConfig: Setting CVar [[p.chaos.AllowCreatePhysxBodies:1]]
[2019.10.05-01.42.19:498][  0]LogConfig: Applying CVar settings from Section [ConsoleVariables] File [C:/Users/Westo/Documents/GitHub/Gardening/gardengame/Saved/Config/Windows/Engine.ini]
[2019.10.05-01.42.19:498][  0]LogInit: Computer: DESKTOP-215EDV2
[2019.10.05-01.42.19:498][  0]LogInit: User: Westo
[2019.10.05-01.42.19:498][  0]LogInit: CPU Page size=4096, Cores=6
[2019.10.05-01.42.19:498][  0]LogInit: High frequency timer resolution =10.000000 MHz
[2019.10.05-01.42.19:498][  0]LogMemory: Memory total: Physical=15.8GB (16GB approx)
[2019.10.05-01.42.19:498][  0]LogMemory: Platform Memory Stats for Windows
[2019.10.05-01.42.19:498][  0]LogMemory: Process Physical Memory: 101.89 MB used, 101.89 MB peak
[2019.10.05-01.42.19:498][  0]LogMemory: Process Virtual Memory: 89.82 MB used, 89.82 MB peak
[2019.10.05-01.42.19:498][  0]LogMemory: Physical Memory: 8052.40 MB used,  8138.75 MB free, 16191.15 MB total
[2019.10.05-01.42.19:498][  0]LogMemory: Virtual Memory: 4661.02 MB used,  134213064.00 MB free, 134217728.00 MB total
[2019.10.05-01.42.19:508][  0]LogInit: Using OS detected language (en-US).
[2019.10.05-01.42.19:508][  0]LogInit: Using OS detected locale (en-US).
[2019.10.05-01.42.19:509][  0]LogTextLocalizationManager: No specific localization for 'en-US' exists, so the 'en' localization will be used.
[2019.10.05-01.42.19:661][  0]LogSlate: New Slate User Created.  User Index 0, Is Virtual User: 0
[2019.10.05-01.42.19:661][  0]LogSlate: Slate User Registered.  User Index 0, Is Virtual User: 0
[2019.10.05-01.42.19:780][  0]LogHMD: Failed to initialize OpenVR with code 110
[2019.10.05-01.42.19:780][  0]LogD3D11RHI: D3D11 adapters:
[2019.10.05-01.42.19:828][  0]LogD3D11RHI:    0. 'NVIDIA GeForce GTX 1080' (Feature Level 11_0)
[2019.10.05-01.42.19:828][  0]LogD3D11RHI:       8079/0/8095 MB DedicatedVideo/DedicatedSystem/SharedSystem, Outputs:2, VendorId:0x10de
[2019.10.05-01.42.19:851][  0]LogD3D11RHI:    1. 'Intel(R) UHD Graphics 630' (Feature Level 11_0)
[2019.10.05-01.42.19:851][  0]LogD3D11RHI:       128/0/8095 MB DedicatedVideo/DedicatedSystem/SharedSystem, Outputs:0, VendorId:0x8086
[2019.10.05-01.42.19:853][  0]LogD3D11RHI:    2. 'Microsoft Basic Render Driver' (Feature Level 11_0)
[2019.10.05-01.42.19:853][  0]LogD3D11RHI:       0/0/8095 MB DedicatedVideo/DedicatedSystem/SharedSystem, Outputs:0, VendorId:0x1414
[2019.10.05-01.42.19:853][  0]LogD3D11RHI: Chosen D3D11 Adapter: 0
[2019.10.05-01.42.19:861][  0]LogD3D11RHI: Creating new Direct3DDevice
[2019.10.05-01.42.19:861][  0]LogD3D11RHI:     GPU DeviceId: 0x1b80 (for the marketing name, search the web for "GPU Device Id")
[2019.10.05-01.42.19:861][  0]LogWindows: EnumDisplayDevices:
[2019.10.05-01.42.19:861][  0]LogWindows:    0. 'NVIDIA GeForce GTX 1080' (P:1 D:1)
[2019.10.05-01.42.19:861][  0]LogWindows:    1. 'NVIDIA GeForce GTX 1080' (P:0 D:0)
[2019.10.05-01.42.19:861][  0]LogWindows:    2. 'NVIDIA GeForce GTX 1080' (P:0 D:1)
[2019.10.05-01.42.19:861][  0]LogWindows:    3. 'NVIDIA GeForce GTX 1080' (P:0 D:0)
[2019.10.05-01.42.19:862][  0]LogWindows:    4. 'Intel(R) UHD Graphics 630' (P:0 D:0)
[2019.10.05-01.42.19:862][  0]LogWindows:    5. 'Intel(R) UHD Graphics 630' (P:0 D:0)
[2019.10.05-01.42.19:862][  0]LogWindows:    6. 'Intel(R) UHD Graphics 630' (P:0 D:0)
[2019.10.05-01.42.19:862][  0]LogWindows: DebugString: PrimaryIsNotTheChoosenAdapter PrimaryIsNotTheChoosenAdapter PrimaryIsNotTheChoosenAdapter FoundDriverCount:4 
[2019.10.05-01.42.19:862][  0]LogD3D11RHI:     Adapter Name: NVIDIA GeForce GTX 1080
[2019.10.05-01.42.19:862][  0]LogD3D11RHI:   Driver Version: 419.17 (internal:25.21.14.1917, unified:419.17)
[2019.10.05-01.42.19:862][  0]LogD3D11RHI:      Driver Date: 2-20-2019
[2019.10.05-01.42.19:862][  0]LogRHI: Texture pool is 5655 MB (70% of 8079 MB)
[2019.10.05-01.42.19:897][  0]LogD3D11RHI: Async texture creation enabled
[2019.10.05-01.42.19:900][  0]LogRendererCore: FGlobalReadBuffer::InitRHI
[2019.10.05-01.42.19:900][  0]LogRendererCore: FGlobalReadBuffer::InitRHI
[2019.10.05-01.42.19:900][  0]LogRendererCore: FGlobalReadBuffer::InitRHI
[2019.10.05-01.42.19:908][  0]LogD3D11RHI: GPU Timing Frequency: 1000.000000 (Debug: 2 1)
[2019.10.05-01.42.20:174][  0]LogTemp: Display: Module 'AllDesktopTargetPlatform' loaded TargetPlatform 'AllDesktop'
[2019.10.05-01.42.20:184][  0]LogTemp: Display: Module 'MacClientTargetPlatform' loaded TargetPlatform 'MacClient'
[2019.10.05-01.42.20:194][  0]LogTemp: Display: Module 'MacNoEditorTargetPlatform' loaded TargetPlatform 'MacNoEditor'
[2019.10.05-01.42.20:203][  0]LogTemp: Display: Module 'MacServerTargetPlatform' loaded TargetPlatform 'MacServer'
[2019.10.05-01.42.20:213][  0]LogTemp: Display: Module 'MacTargetPlatform' loaded TargetPlatform 'Mac'
[2019.10.05-01.42.20:223][  0]LogTemp: Display: Module 'WindowsClientTargetPlatform' loaded TargetPlatform 'WindowsClient'
[2019.10.05-01.42.20:233][  0]LogTemp: Display: Module 'WindowsNoEditorTargetPlatform' loaded TargetPlatform 'WindowsNoEditor'
[2019.10.05-01.42.20:242][  0]LogTemp: Display: Module 'WindowsServerTargetPlatform' loaded TargetPlatform 'WindowsServer'
[2019.10.05-01.42.20:246][  0]LogTemp: Display: Module 'WindowsTargetPlatform' loaded TargetPlatform 'Windows'
[2019.10.05-01.42.20:307][  0]LogTemp: Display: Module 'AndroidTargetPlatform' loaded TargetPlatform 'Android'
[2019.10.05-01.42.20:307][  0]LogTemp: Display: Module 'AndroidTargetPlatform' loaded TargetPlatform 'Android_ASTC'
[2019.10.05-01.42.20:307][  0]LogTemp: Display: Module 'AndroidTargetPlatform' loaded TargetPlatform 'Android_ATC'
[2019.10.05-01.42.20:307][  0]LogTemp: Display: Module 'AndroidTargetPlatform' loaded TargetPlatform 'Android_DXT'
[2019.10.05-01.42.20:307][  0]LogTemp: Display: Module 'AndroidTargetPlatform' loaded TargetPlatform 'Android_ETC1'
[2019.10.05-01.42.20:307][  0]LogTemp: Display: Module 'AndroidTargetPlatform' loaded TargetPlatform 'Android_ETC1a'
[2019.10.05-01.42.20:307][  0]LogTemp: Display: Module 'AndroidTargetPlatform' loaded TargetPlatform 'Android_ETC2'
[2019.10.05-01.42.20:307][  0]LogTemp: Display: Module 'AndroidTargetPlatform' loaded TargetPlatform 'Android_PVRTC'
[2019.10.05-01.42.20:307][  0]LogTemp: Display: Module 'AndroidTargetPlatform' loaded TargetPlatform 'AndroidClient'
[2019.10.05-01.42.20:307][  0]LogTemp: Display: Module 'AndroidTargetPlatform' loaded TargetPlatform 'Android_ASTCClient'
[2019.10.05-01.42.20:307][  0]LogTemp: Display: Module 'AndroidTargetPlatform' loaded TargetPlatform 'Android_ATCClient'
[2019.10.05-01.42.20:307][  0]LogTemp: Display: Module 'AndroidTargetPlatform' loaded TargetPlatform 'Android_DXTClient'
[2019.10.05-01.42.20:307][  0]LogTemp: Display: Module 'AndroidTargetPlatform' loaded TargetPlatform 'Android_ETC1Client'
[2019.10.05-01.42.20:307][  0]LogTemp: Display: Module 'AndroidTargetPlatform' loaded TargetPlatform 'Android_ETC1aClient'
[2019.10.05-01.42.20:307][  0]LogTemp: Display: Module 'AndroidTargetPlatform' loaded TargetPlatform 'Android_ETC2Client'
[2019.10.05-01.42.20:307][  0]LogTemp: Display: Module 'AndroidTargetPlatform' loaded TargetPlatform 'Android_PVRTCClient'
[2019.10.05-01.42.20:307][  0]LogTemp: Display: Module 'AndroidTargetPlatform' loaded TargetPlatform 'Android_Multi'
[2019.10.05-01.42.20:307][  0]LogTemp: Display: Module 'AndroidTargetPlatform' loaded TargetPlatform 'Android_MultiClient'
[2019.10.05-01.42.20:308][  0]LogTemp: Display: Module 'HTML5TargetPlatform' loaded TargetPlatform 'HTML5'
[2019.10.05-01.42.20:350][  0]LogTemp: Display: Module 'IOSTargetPlatform' loaded TargetPlatform 'IOSClient'
[2019.10.05-01.42.20:350][  0]LogTemp: Display: Module 'IOSTargetPlatform' loaded TargetPlatform 'IOS'
[2019.10.05-01.42.20:368][  0]LogTemp: Display: Module 'TVOSTargetPlatform' loaded TargetPlatform 'TVOSClient'
[2019.10.05-01.42.20:368][  0]LogTemp: Display: Module 'TVOSTargetPlatform' loaded TargetPlatform 'TVOS'
[2019.10.05-01.42.20:377][  0]LogTemp: Display: Module 'LinuxClientTargetPlatform' loaded TargetPlatform 'LinuxClient'
[2019.10.05-01.42.20:386][  0]LogTemp: Display: Module 'LinuxNoEditorTargetPlatform' loaded TargetPlatform 'LinuxNoEditor'
[2019.10.05-01.42.20:395][  0]LogTemp: Display: Module 'LinuxServerTargetPlatform' loaded TargetPlatform 'LinuxServer'
[2019.10.05-01.42.20:405][  0]LogTemp: Display: Module 'LinuxTargetPlatform' loaded TargetPlatform 'Linux'
[2019.10.05-01.42.20:437][  0]LogTemp: Display: Module 'LuminTargetPlatform' loaded TargetPlatform 'Lumin'
[2019.10.05-01.42.20:437][  0]LogTemp: Display: Module 'LuminTargetPlatform' loaded TargetPlatform 'LuminClient'
[2019.10.05-01.42.20:437][  0]LogTargetPlatformManager: Display: Building Assets For Windows
[2019.10.05-01.42.20:442][  0]LogAudioDebug: Display: Lib vorbis DLL was dynamically loaded.
[2019.10.05-01.42.20:468][  0]LogShaderCompilers: Guid format shader working directory is -7 characters bigger than the processId version (C:/Users/Westo/Documents/GitHub/Gardening/gardengame/Intermediate/Shaders/WorkingDirectory/16848/).
[2019.10.05-01.42.20:468][  0]LogShaderCompilers: Cleaned the shader compiler working directory 'C:/Users/Westo/AppData/Local/Temp/UnrealShaderWorkingDir/CA7D1D1C49434DC9247524A7CFCF076C/'.
[2019.10.05-01.42.20:468][  0]LogXGEController: Cleaning working directory: C:/Users/Westo/AppData/Local/Temp/UnrealXGEWorkingDir/
[2019.10.05-01.42.20:468][  0]LogXGEController: Cannot use XGE Controller as Incredibuild is not installed on this machine.
[2019.10.05-01.42.20:468][  0]LogShaderCompilers: Cannot use XGE Shader Compiler as Incredibuild is not installed on this machine.
[2019.10.05-01.42.20:468][  0]LogShaderCompilers: Display: Using Local Shader Compiler.
[2019.10.05-01.42.20:912][  0]LogDerivedDataCache: Display: Max Cache Size: 512 MB
[2019.10.05-01.42.20:958][  0]LogDerivedDataCache: Loaded boot cache 0.05s 72MB C:/Users/Westo/AppData/Local/UnrealEngine/4.22/DerivedDataCache/Boot.ddc.
[2019.10.05-01.42.20:958][  0]LogDerivedDataCache: Display: Loaded Boot cache: C:/Users/Westo/AppData/Local/UnrealEngine/4.22/DerivedDataCache/Boot.ddc
[2019.10.05-01.42.20:958][  0]LogDerivedDataCache: FDerivedDataBackendGraph:  Pak pak cache file C:/Users/Westo/Documents/GitHub/Gardening/gardengame/DerivedDataCache/DDC.ddp not found, will not use a pak cache.
[2019.10.05-01.42.20:958][  0]LogDerivedDataCache: Unable to find inner node Pak for hierarchical cache Hierarchy.
[2019.10.05-01.42.20:958][  0]LogDerivedDataCache: FDerivedDataBackendGraph:  CompressedPak pak cache file C:/Users/Westo/Documents/GitHub/Gardening/gardengame/DerivedDataCache/Compressed.ddp not found, will not use a pak cache.
[2019.10.05-01.42.20:958][  0]LogDerivedDataCache: Unable to find inner node CompressedPak for hierarchical cache Hierarchy.
[2019.10.05-01.42.20:969][  0]LogDerivedDataCache: Display: Pak cache opened for reading ../../../Engine/DerivedDataCache/Compressed.ddp.
[2019.10.05-01.42.20:969][  0]LogDerivedDataCache: FDerivedDataBackendGraph:  EnterprisePak pak cache file ../../../Enterprise/DerivedDataCache/Compressed.ddp not found, will not use a pak cache.
[2019.10.05-01.42.20:969][  0]LogDerivedDataCache: Unable to find inner node EnterprisePak for hierarchical cache Hierarchy.
[2019.10.05-01.42.20:981][  0]LogDerivedDataCache: Using Local data cache path C:/Users/Westo/AppData/Local/UnrealEngine/Common/DerivedDataCache: Writable
[2019.10.05-01.42.20:981][  0]LogDerivedDataCache: Shared data cache path not found in *engine.ini, will not use an Shared cache.
[2019.10.05-01.42.20:981][  0]LogDerivedDataCache: Unable to find inner node Shared for hierarchical cache Hierarchy.
[2019.10.05-01.42.21:003][  0]LogMaterial: Verifying Global Shaders for PCD3D_SM5
[2019.10.05-01.42.21:004][  0]LogSlate: Using FreeType 2.6.0
[2019.10.05-01.42.21:004][  0]LogSlate: SlateFontServices - WITH_FREETYPE: 1, WITH_HARFBUZZ: 1
[2019.10.05-01.42.21:073][  0]LogAssetRegistry: FAssetRegistry took 0.0308 seconds to start up
[2019.10.05-01.42.21:318][  0]LogInit: Selected Device Profile: [Windows]
[2019.10.05-01.42.21:417][  0]LogMeshReduction: Using QuadricMeshReduction for automatic static mesh reduction
[2019.10.05-01.42.21:417][  0]LogMeshReduction: Using SimplygonMeshReduction for automatic skeletal mesh reduction
[2019.10.05-01.42.21:417][  0]LogMeshReduction: Using ProxyLODMeshReduction for automatic mesh merging
[2019.10.05-01.42.21:417][  0]LogMeshReduction: No distributed automatic mesh merging module available
[2019.10.05-01.42.21:417][  0]LogMeshMerging: No distributed automatic mesh merging module available
[2019.10.05-01.42.21:425][  0]LogNetVersion: gardengame 1.0.0, NetCL: 5660361, EngineNetVer: 10, GameNetVer: 0 (Checksum: 2234465912)
[2019.10.05-01.42.21:713][  0]LogPackageLocalizationCache: Processed 10 localized package path(s) for 1 prioritized culture(s) in 0.029243 seconds
[2019.10.05-01.42.21:717][  0]LogUObjectArray: 42208 objects as part of root set at end of initial load.
[2019.10.05-01.42.21:717][  0]LogUObjectAllocator: 7325624 out of 0 bytes used by permanent object pool.
[2019.10.05-01.42.21:717][  0]LogUObjectArray: CloseDisregardForGC: 0/0 objects in disregard for GC pool
[2019.10.05-01.42.22:279][  0]LogTcpMessaging: Initializing TcpMessaging bridge
[2019.10.05-01.42.22:291][  0]LogUdpMessaging: Initializing bridge on interface 0.0.0.0:0 to multicast group 230.0.0.1:6666.
[2019.10.05-01.42.22:383][  0]SourceControl: Source control is disabled
[2019.10.05-01.42.22:790][  0]LogAndroidPermission: UAndroidPermissionCallbackProxy::GetInstance
[2019.10.05-01.42.22:955][  0]LogOcInput: OculusInput pre-init called
[2019.10.05-01.42.23:443][  0]LogEngine: Initializing Engine...
[2019.10.05-01.42.23:443][  0]LogHMD: Failed to initialize OpenVR with code 110
[2019.10.05-01.42.23:444][  0]LogStats: UGameplayTagsManager::InitializeManager -  0.000 s
[2019.10.05-01.42.23:599][  0]LogInit: Initializing FReadOnlyCVARCache
[2019.10.05-01.42.23:607][  0]LogAIModule: Creating AISystem for world Untitled
[2019.10.05-01.42.23:677][  0]LogInit: XAudio2 using 'Speakers ( Nuforce   µDAC )' : 2 channels at 48 kHz using 16 bits per sample (channel mask 0x3)
[2019.10.05-01.42.23:689][  0]LogInit: FAudioDevice initialized.
[2019.10.05-01.42.23:689][  0]LogNetVersion: Set ProjectVersion to 1.0.0.0. Version Checksum will be recalculated on next use.
[2019.10.05-01.42.23:746][  0]LogDerivedDataCache: Saved boot cache 0.06s 71MB C:/Users/Westo/AppData/Local/UnrealEngine/4.22/DerivedDataCache/Boot.ddc.
[2019.10.05-01.42.23:753][  0]LogInit: Texture streaming: Enabled
[2019.10.05-01.42.23:763][  0]LogEngineSessionManager: EngineSessionManager initialized
[2019.10.05-01.42.23:784][  0]LogInit: Transaction tracking system initialized
[2019.10.05-01.42.23:795][  0]BlueprintLog: New page: Editor Load
[2019.10.05-01.42.23:837][  0]LocalizationService: Localization service is disabled
[2019.10.05-01.42.23:909][  0]LogLinker: Warning: Can't find file '/Game/SurvivorVision/SurvivorVisionTutorial'
[2019.10.05-01.42.23:909][  0]LogLinker: Warning: Can't find file '/Game/SurvivorVision/SurvivorVisionTutorial'
[2019.10.05-01.42.23:909][  0]LogUObjectGlobals: Warning: Failed to find object 'Class /Game/SurvivorVision/SurvivorVisionTutorial.SurvivorVisionTutorial_C'
[2019.10.05-01.42.23:909][  0]LogLinker: Warning: Can't find file '/Game/SurvivorVision/ChangeLog'
[2019.10.05-01.42.23:909][  0]LogLinker: Warning: Can't find file '/Game/SurvivorVision/ChangeLog'
[2019.10.05-01.42.23:909][  0]LogUObjectGlobals: Warning: Failed to find object 'Class /Game/SurvivorVision/ChangeLog.ChangeLog_C'
[2019.10.05-01.42.24:047][  0]LogFileCache: Scanning file cache for directory 'C:/Users/Westo/Documents/GitHub/Gardening/gardengame/Content/' took 0.01s
[2019.10.05-01.42.24:047][  0]LogCook: Display: Max memory allowance for cook 16384mb min free memory 0mb
[2019.10.05-01.42.24:047][  0]LogCook: Display: Mobile HDR setting 1
[2019.10.05-01.42.24:153][  0]Cmd: MAP LOAD FILE="C:/Users/Westo/Documents/GitHub/Gardening/gardengame/Content/Maps/ThirdPersonExampleMap.umap" TEMPLATE=0 SHOWPROGRESS=1 FEATURELEVEL=3
[2019.10.05-01.42.24:154][  0]LightingResults: New page: Lighting Build
[2019.10.05-01.42.24:155][  0]MapCheck: New page: Map Check
[2019.10.05-01.42.24:155][  0]LightingResults: New page: Lighting Build
[2019.10.05-01.42.24:178][  0]LogUObjectHash: Compacting FUObjectHashTables data took   1.54ms
[2019.10.05-01.42.24:249][  0]LogLinker: Warning: Can't find file '/Game/Fadeout_Content/Libraries/StarterContent/Particles/Materials/M_smoke_subUV'
[2019.10.05-01.42.24:249][  0]LogLinker: Warning: Can't find file for asset '/Game/Fadeout_Content/Libraries/StarterContent/Particles/Materials/M_smoke_subUV' while loading NULL.
[2019.10.05-01.42.24:250][  0]LogLinker: Warning: Can't find file '/Game/Fadeout_Content/Libraries/StarterContent/Particles/Materials/M_smoke_subUV'
[2019.10.05-01.42.24:250][  0]LogLinker: Warning: Can't find file for asset '/Game/Fadeout_Content/Libraries/StarterContent/Particles/Materials/M_smoke_subUV' while loading NULL.
[2019.10.05-01.42.24:251][  0]LogLinker: Warning: Can't find file '/Game/Fadeout_Content/Libraries/StarterContent/Particles/Materials/M_smoke_subUV'
[2019.10.05-01.42.24:251][  0]LogLinker: Warning: Can't find file for asset '/Game/Fadeout_Content/Libraries/StarterContent/Particles/Materials/M_smoke_subUV' while loading NULL.
[2019.10.05-01.42.24:251][  0]LogLinker: Warning: Can't find file '/Game/Fadeout_Content/Libraries/StarterContent/Particles/Materials/M_smoke_subUV'
[2019.10.05-01.42.24:251][  0]LogLinker: Warning: Can't find file for asset '/Game/Fadeout_Content/Libraries/StarterContent/Particles/Materials/M_smoke_subUV' while loading NULL.
[2019.10.05-01.42.24:251][  0]LogLinker: Warning: Can't find file '/Game/Fadeout_Content/Libraries/StarterContent/Particles/Materials/M_smoke_subUV'
[2019.10.05-01.42.24:252][  0]LoadErrors: Failed to load /Game/Fadeout_Content/Libraries/StarterContent/Particles/Materials/M_smoke_subUV.M_smoke_subUV Referenced by Default__BP_Sky_Sphere_C
[2019.10.05-01.42.24:252][  0]LogLinker: Warning: Can't find file for asset '/Game/Fadeout_Content/Libraries/StarterContent/Particles/Materials/M_smoke_subUV' while loading NULL.
[2019.10.05-01.42.24:285][  0]LogLinker: Warning: Can't find file '/Game/Fonts/DefaultTextMaterialOpaque'
[2019.10.05-01.42.24:285][  0]LogLinker: Warning: Can't find file for asset '/Game/Fonts/DefaultTextMaterialOpaque' while loading NULL.
[2019.10.05-01.42.24:286][  0]LogLinker: Warning: Can't find file '/Game/Fonts/DefaultTextMaterialOpaque'
[2019.10.05-01.42.24:286][  0]LogLinker: Warning: Can't find file for asset '/Game/Fonts/DefaultTextMaterialOpaque' while loading NULL.
[2019.10.05-01.42.24:287][  0]LogLinker: Warning: Can't find file '/Game/Fonts/DefaultTextMaterialOpaque'
[2019.10.05-01.42.24:287][  0]LogLinker: Warning: Can't find file for asset '/Game/Fonts/DefaultTextMaterialOpaque' while loading NULL.
[2019.10.05-01.42.24:287][  0]LogLinker: Warning: Can't find file '/Game/Fonts/DefaultTextMaterialOpaque'
[2019.10.05-01.42.24:287][  0]LogLinker: Warning: Can't find file for asset '/Game/Fonts/DefaultTextMaterialOpaque' while loading NULL.
[2019.10.05-01.42.24:290][  0]LogLinker: Warning: Can't find file '/Game/Fonts/DefaultTextMaterialOpaque'
[2019.10.05-01.42.24:290][  0]LoadErrors: Failed to load /Game/Fonts/DefaultTextMaterialOpaque.DefaultTextMaterialOpaque Referenced by TextRender_GEN_VARIABLE
[2019.10.05-01.42.24:290][  0]LogLinker: Warning: Can't find file for asset '/Game/Fonts/DefaultTextMaterialOpaque' while loading NULL.
[2019.10.05-01.42.24:401][  0]LogAIModule: Creating AISystem for world ThirdPersonExampleMap
[2019.10.05-01.42.24:412][  0]LogEditorServer: Finished looking for orphan Actors (0.000 secs)
[2019.10.05-01.42.24:438][  0]LogUObjectHash: Compacting FUObjectHashTables data took   1.83ms
[2019.10.05-01.42.24:438][  0]Cmd: MAP CHECKDEP NOCLEARLOG
[2019.10.05-01.42.24:438][  0]MapCheck: Map check complete: 0 Error(s), 0 Warning(s), took 0.133ms to complete.
[2019.10.05-01.42.24:438][  0]LogFileHelpers: Loading map 'ThirdPersonExampleMap' took 0.285
[2019.10.05-01.42.24:540][  0]LogSlate: Updating window title bar state: overlay mode, drag disabled, window buttons hidden, title bar hidden
[2019.10.05-01.42.24:547][  0]LogSlate: Updating window title bar state: overlay mode, drag disabled, window buttons hidden, title bar hidden
[2019.10.05-01.42.24:555][  0]LogSlate: Updating window title bar state: overlay mode, drag disabled, window buttons hidden, title bar hidden
[2019.10.05-01.42.24:565][  0]LogSlate: Updating window title bar state: overlay mode, drag disabled, window buttons hidden, title bar hidden
[2019.10.05-01.42.24:570][  0]LogCollectionManager: Loaded 0 collections in 0.001718 seconds
[2019.10.05-01.42.24:597][  0]LogFileCache: Scanning file cache for directory 'C:/Users/Westo/Documents/GitHub/Gardening/gardengame/Saved/Collections/' took 0.01s
[2019.10.05-01.42.24:597][  0]LogFileCache: Scanning file cache for directory 'C:/Users/Westo/Documents/GitHub/Gardening/gardengame/Content/Developers/Westo/Collections/' took 0.00s
[2019.10.05-01.42.24:597][  0]LogFileCache: Scanning file cache for directory 'C:/Users/Westo/Documents/GitHub/Gardening/gardengame/Content/Collections/' took 0.01s
[2019.10.05-01.42.24:597][  0]LogCollectionManager: Rebuilt the GUID cache for 0 collections in 0.000001 seconds
[2019.10.05-01.42.24:603][  0]LogContentBrowser: Native class hierarchy populated in 0.0066 seconds. Added 2732 classes and 659 folders.
[2019.10.05-01.42.24:607][  0]LogContentBrowser: Native class hierarchy updated for 'WidgetCarousel' in 0.0002 seconds. Added 0 classes and 0 folders.
[2019.10.05-01.42.24:608][  0]LogPakFile: Registered encryption key '00000000000000000000000000000000': 0 pak files mounted, 0 remain pending
[2019.10.05-01.42.24:609][  0]LogPakFile: Registered encryption key '00000000000000000000000000000000': 0 pak files mounted, 0 remain pending
[2019.10.05-01.42.24:609][  0]LogPakFile: Registered encryption key '00000000000000000000000000000000': 0 pak files mounted, 0 remain pending
[2019.10.05-01.42.24:609][  0]LogPakFile: Registered encryption key '00000000000000000000000000000000': 0 pak files mounted, 0 remain pending
[2019.10.05-01.42.24:609][  0]LogPakFile: Registered encryption key '00000000000000000000000000000000': 0 pak files mounted, 0 remain pending
[2019.10.05-01.42.24:611][  0]LogPakFile: Registered encryption key '00000000000000000000000000000000': 0 pak files mounted, 0 remain pending
[2019.10.05-01.42.24:611][  0]LogPakFile: Registered encryption key '00000000000000000000000000000000': 0 pak files mounted, 0 remain pending
[2019.10.05-01.42.24:611][  0]LogPakFile: Registered encryption key '00000000000000000000000000000000': 0 pak files mounted, 0 remain pending
[2019.10.05-01.42.24:611][  0]LogPakFile: Registered encryption key '00000000000000000000000000000000': 0 pak files mounted, 0 remain pending
[2019.10.05-01.42.24:611][  0]LogPakFile: Registered encryption key '00000000000000000000000000000000': 0 pak files mounted, 0 remain pending
[2019.10.05-01.42.24:611][  0]LogPakFile: Registered encryption key '00000000000000000000000000000000': 0 pak files mounted, 0 remain pending
[2019.10.05-01.42.24:611][  0]LogPakFile: Registered encryption key '00000000000000000000000000000000': 0 pak files mounted, 0 remain pending
[2019.10.05-01.42.24:612][  0]LogPakFile: Registered encryption key '00000000000000000000000000000000': 0 pak files mounted, 0 remain pending
[2019.10.05-01.42.24:612][  0]LogPakFile: Registered encryption key '00000000000000000000000000000000': 0 pak files mounted, 0 remain pending
[2019.10.05-01.42.24:612][  0]LogPakFile: Registered encryption key '00000000000000000000000000000000': 0 pak files mounted, 0 remain pending
[2019.10.05-01.42.24:613][  0]LogPakFile: Registered encryption key '00000000000000000000000000000000': 0 pak files mounted, 0 remain pending
[2019.10.05-01.42.24:613][  0]LogPakFile: Registered encryption key '00000000000000000000000000000000': 0 pak files mounted, 0 remain pending
[2019.10.05-01.42.24:613][  0]LogPakFile: Registered encryption key '00000000000000000000000000000000': 0 pak files mounted, 0 remain pending
[2019.10.05-01.42.24:613][  0]LogPakFile: Registered encryption key '00000000000000000000000000000000': 0 pak files mounted, 0 remain pending
[2019.10.05-01.42.24:614][  0]LogPakFile: Registered encryption key '00000000000000000000000000000000': 0 pak files mounted, 0 remain pending
[2019.10.05-01.42.24:614][  0]LogPakFile: Registered encryption key '00000000000000000000000000000000': 0 pak files mounted, 0 remain pending
[2019.10.05-01.42.24:614][  0]LogPakFile: Registered encryption key '00000000000000000000000000000000': 0 pak files mounted, 0 remain pending
[2019.10.05-01.42.24:615][  0]LogPakFile: Registered encryption key '00000000000000000000000000000000': 0 pak files mounted, 0 remain pending
[2019.10.05-01.42.24:615][  0]LogPakFile: Registered encryption key '00000000000000000000000000000000': 0 pak files mounted, 0 remain pending
[2019.10.05-01.42.24:615][  0]LogPakFile: Registered encryption key '00000000000000000000000000000000': 0 pak files mounted, 0 remain pending
[2019.10.05-01.42.24:615][  0]LogPakFile: Registered encryption key '00000000000000000000000000000000': 0 pak files mounted, 0 remain pending
[2019.10.05-01.42.24:631][  0]LogContentBrowser: Native class hierarchy updated for 'AddContentDialog' in 0.0002 seconds. Added 0 classes and 0 folders.
[2019.10.05-01.42.24:638][  0]LogContentBrowser: Native class hierarchy updated for 'SceneOutliner' in 0.0003 seconds. Added 1 classes and 2 folders.
[2019.10.05-01.42.24:652][  0]LogSlate: Took 0.000129 seconds to synchronously load lazily loaded font '../../../Engine/Content/Slate/Fonts/Roboto-Regular.ttf' (155K)
[2019.10.05-01.42.24:654][  0]LogSlate: Took 0.000106 seconds to synchronously load lazily loaded font '../../../Engine/Content/Slate/Fonts/Roboto-Bold.ttf' (160K)
[2019.10.05-01.42.24:659][  0]LogSlate: Took 0.000164 seconds to synchronously load lazily loaded font '../../../Engine/Content/Editor/Slate/Fonts/FontAwesome.ttf' (139K)
[2019.10.05-01.42.24:713][  0]LogRenderer: Reallocating scene render targets to support 1240x640 Format 10 NumSamples 1 (Frame:1).
[2019.10.05-01.42.24:827][  0]LogContentBrowser: Native class hierarchy updated for 'HierarchicalLODOutliner' in 0.0002 seconds. Added 0 classes and 0 folders.
[2019.10.05-01.42.24:827][  0]LogLoad: (Engine Initialization) Total time: 6.69 seconds
[2019.10.05-01.42.24:827][  0]LogLoad: (Engine Initialization) Total Blueprint compile time: 0.00 seconds
[2019.10.05-01.42.24:856][  0]LogAssetRegistry: Asset discovery search completed in 3.8051 seconds
[2019.10.05-01.42.24:858][  0]LogCollectionManager: Rebuilt the object cache for 0 collections in 0.000000 seconds (found 0 objects)
[2019.10.05-01.42.24:858][  0]LogCollectionManager: Fixed up redirectors for 0 collections in 0.000038 seconds (updated 0 objects)
[2019.10.05-01.42.24:860][  0]LogContentStreaming: Texture pool size now 1000 MB
[2019.10.05-01.42.24:869][  0]LogSlate: FSceneViewport::OnFocusLost() reason 2
[2019.10.05-01.42.25:021][  3]LogMaterial: Display: Missing cached shader map for material Material_0, compiling. 
[2019.10.05-01.42.25:021][  3]LogMaterial: Warning: /Engine/Transient.Material_0 (no disk path found): Failed to compile Material for platform PCD3D_SM5, Default Material will be used in game.
[2019.10.05-01.42.25:021][  3]LogMaterial: 	SceneTexture expressions cannot be used in opaque materials
[2019.10.05-01.42.25:858][ 99]LogSlate: Took 0.000135 seconds to synchronously load lazily loaded font '../../../Engine/Content/Slate/Fonts/Roboto-Light.ttf' (167K)
[2019.10.05-01.42.25:881][102]SourceControl: fatal: D:/Program Files (x86)/Epic Games/UE_4.22/Engine/Content/EngineMaterials: 'D:/Program Files (x86)/Epic Games/UE_4.22/Engine/Content/EngineMaterials' is outside repository
[2019.10.05-01.42.27:102][248]LogSlate: Window 'Message Log' being destroyed
[2019.10.05-01.42.27:107][248]LogSlate: Window 'Message Log' being destroyed
[2019.10.05-01.42.27:631][311]LogSlate: FSceneViewport::OnFocusLost() reason 0
[2019.10.05-01.42.27:714][321]LogTemp: Repeating last play command: Selected Viewport
[2019.10.05-01.42.27:725][321]LogBlueprintUserMessages: Early PlayInEditor Detection: Level '/Game/Maps/ThirdPersonExampleMap.ThirdPersonExampleMap:PersistentLevel' has LevelScriptBlueprint '/Game/Maps/ThirdPersonExampleMap.ThirdPersonExampleMap:PersistentLevel.ThirdPersonExampleMap' with GeneratedClass '/Game/Maps/ThirdPersonExampleMap.ThirdPersonExampleMap_C' with ClassGeneratedBy '/Game/Maps/ThirdPersonExampleMap.ThirdPersonExampleMap:PersistentLevel.ThirdPersonExampleMap'
[2019.10.05-01.42.27:725][321]LogPlayLevel: PlayLevel: No blueprints needed recompiling
[2019.10.05-01.42.27:725][321]PIE: New page: PIE session: ThirdPersonExampleMap (Oct 4, 2019, 11:42:27 AM)
[2019.10.05-01.42.27:738][321]LogPlayLevel: Creating play world package: /Game/Maps/UEDPIE_0_ThirdPersonExampleMap
[2019.10.05-01.42.27:753][321]LogPlayLevel: PIE: StaticDuplicateObject took: (0.015062s)
[2019.10.05-01.42.27:754][321]LogAIModule: Creating AISystem for world ThirdPersonExampleMap
[2019.10.05-01.42.27:754][321]LogPlayLevel: PIE: World Init took: (0.000570s)
[2019.10.05-01.42.27:754][321]LogPlayLevel: PIE: Created PIE world by copying editor world from /Game/Maps/ThirdPersonExampleMap.ThirdPersonExampleMap to /Game/Maps/UEDPIE_0_ThirdPersonExampleMap.ThirdPersonExampleMap (0.015912s)
[2019.10.05-01.42.27:775][321]LogUObjectHash: Compacting FUObjectHashTables data took   0.80ms
[2019.10.05-01.42.27:801][321]LogInit: XAudio2 using 'Speakers ( Nuforce   µDAC )' : 2 channels at 48 kHz using 16 bits per sample (channel mask 0x3)
[2019.10.05-01.42.27:809][321]LogInit: FAudioDevice initialized.
[2019.10.05-01.42.27:848][321]LogLoad: Game class is 'GardenGameMode_C'
[2019.10.05-01.42.27:850][321]LogWorld: Bringing World /Game/Maps/UEDPIE_0_ThirdPersonExampleMap.ThirdPersonExampleMap up for play (max tick rate 0) at 2019.10.04-18.42.27
[2019.10.05-01.42.27:851][321]LogWorld: Bringing up level for play took: 0.001554
[2019.10.05-01.42.27:865][321]LogContentBrowser: Native class hierarchy updated for 'MovieSceneCapture' in 0.0003 seconds. Added 20 classes and 0 folders.
[2019.10.05-01.42.27:866][321]PIE: Play in editor start time for /Game/Maps/UEDPIE_0_ThirdPersonExampleMap -0.259
[2019.10.05-01.42.27:866][321]LogBlueprintUserMessages: Late PlayInEditor Detection: Level '/Game/Maps/ThirdPersonExampleMap.ThirdPersonExampleMap:PersistentLevel' has LevelScriptBlueprint '/Game/Maps/ThirdPersonExampleMap.ThirdPersonExampleMap:PersistentLevel.ThirdPersonExampleMap' with GeneratedClass '/Game/Maps/ThirdPersonExampleMap.ThirdPersonExampleMap_C' with ClassGeneratedBy '/Game/Maps/ThirdPersonExampleMap.ThirdPersonExampleMap:PersistentLevel.ThirdPersonExampleMap'
[2019.10.05-01.42.30:922][684]LogBlueprintUserMessages: Early EndPlayMap Detection: Level '/Game/Maps/ThirdPersonExampleMap.ThirdPersonExampleMap:PersistentLevel' has LevelScriptBlueprint '/Game/Maps/ThirdPersonExampleMap.ThirdPersonExampleMap:PersistentLevel.ThirdPersonExampleMap' with GeneratedClass '/Game/Maps/ThirdPersonExampleMap.ThirdPersonExampleMap_C' with ClassGeneratedBy '/Game/Maps/ThirdPersonExampleMap.ThirdPersonExampleMap:PersistentLevel.ThirdPersonExampleMap'
[2019.10.05-01.42.30:923][684]LogSlate: Updating window title bar state: overlay mode, drag disabled, window buttons hidden, title bar hidden
[2019.10.05-01.42.30:949][684]LogPlayLevel: Display: Shutting down PIE online subsystems
[2019.10.05-01.42.30:949][684]LogBlueprintUserMessages: Late EndPlayMap Detection: Level '/Game/Maps/ThirdPersonExampleMap.ThirdPersonExampleMap:PersistentLevel' has LevelScriptBlueprint '/Game/Maps/ThirdPersonExampleMap.ThirdPersonExampleMap:PersistentLevel.ThirdPersonExampleMap' with GeneratedClass '/Game/Maps/ThirdPersonExampleMap.ThirdPersonExampleMap_C' with ClassGeneratedBy '/Game/Maps/ThirdPersonExampleMap.ThirdPersonExampleMap:PersistentLevel.ThirdPersonExampleMap'
[2019.10.05-01.42.30:972][684]LogSlate: Updating window title bar state: overlay mode, drag disabled, window buttons hidden, title bar hidden
[2019.10.05-01.42.30:975][684]LogUObjectHash: Compacting FUObjectHashTables data took   1.15ms
[2019.10.05-01.42.31:023][688]LogPlayLevel: Display: Destroying online subsystem :Context_3
[2019.10.05-01.42.32:732][893]LogEditorViewport: Clicking on Actor (LMB): BP_soil_C (BP_soil)
[2019.10.05-01.42.34:567][106]LogSlate: FSceneViewport::OnFocusLost() reason 2
[2019.10.05-01.42.35:642][234]LogSlate: FSceneViewport::OnFocusLost() reason 2
[2019.10.05-01.42.35:646][234]LogAssetEditorManager: Opening Asset editor for Blueprint /Game/Blueprints/BP_soil.BP_soil
[2019.10.05-01.42.35:832][234]LogContentBrowser: Native class hierarchy updated for 'BlueprintGraph' in 0.0004 seconds. Added 121 classes and 0 folders.
[2019.10.05-01.42.37:930][402]LogRenderer: Reallocating scene render targets to support 1240x652 Format 10 NumSamples 1 (Frame:1).
[2019.10.05-01.42.38:272][441]LogSlate: Took 0.000203 seconds to synchronously load lazily loaded font '../../../Engine/Content/Slate/Fonts/Roboto-Italic.ttf' (157K)
[2019.10.05-01.42.41:065][733]SourceControl: fatal: D:/Program Files (x86)/Epic Games/UE_4.22/Engine/Content/EngineFonts: 'D:/Program Files (x86)/Epic Games/UE_4.22/Engine/Content/EngineFonts' is outside repository
[2019.10.05-01.42.41:065][733]SourceControl: fatal: D:/Program Files (x86)/Epic Games/UE_4.22/Engine/Content/EditorResources/SmallFont.uasset: 'D:/Program Files (x86)/Epic Games/UE_4.22/Engine/Content/EditorResources/SmallFont.uasset' is outside repository
[2019.10.05-01.42.43:794][ 23]SourceControl: fatal: D:/Program Files (x86)/Epic Games/UE_4.22/Engine/Content/EngineFonts: 'D:/Program Files (x86)/Epic Games/UE_4.22/Engine/Content/EngineFonts' is outside repository
[2019.10.05-01.42.43:794][ 23]SourceControl: fatal: D:/Program Files (x86)/Epic Games/UE_4.22/Engine/Content/EditorResources/SmallFont.uasset: 'D:/Program Files (x86)/Epic Games/UE_4.22/Engine/Content/EditorResources/SmallFont.uasset' is outside repository
[2019.10.05-01.42.47:824][477]LogSlate: FSceneViewport::OnFocusLost() reason 2
[2019.10.05-01.42.49:139][602]SourceControl: fatal: D:/Program Files (x86)/Epic Games/UE_4.22/Engine/Content/Functions/Engine_MaterialFunctions02/ExampleContent: 'D:/Program Files (x86)/Epic Games/UE_4.22/Engine/Content/Functions/Engine_MaterialFunctions02/ExampleContent' is outside repository
[2019.10.05-01.42.49:139][602]SourceControl: fatal: D:/Program Files (x86)/Epic Games/UE_4.22/Engine/Content/MaterialTemplates/VertexAnimation/AdvancedFlag.uasset: 'D:/Program Files (x86)/Epic Games/UE_4.22/Engine/Content/MaterialTemplates/VertexAnimation/AdvancedFlag.uasset' is outside repository
[2019.10.05-01.42.49:139][602]SourceControl: fatal: D:/Program Files (x86)/Epic Games/UE_4.22/Engine/Content/EditorLandscapeResources: 'D:/Program Files (x86)/Epic Games/UE_4.22/Engine/Content/EditorLandscapeResources' is outside repository
[2019.10.05-01.42.49:139][602]SourceControl: fatal: D:/Program Files (x86)/Epic Games/UE_4.22/Engine/Content/BufferVisualization/AmbientOcclusion.uasset: 'D:/Program Files (x86)/Epic Games/UE_4.22/Engine/Content/BufferVisualization/AmbientOcclusion.uasset' is outside repository
[2019.10.05-01.42.49:139][602]SourceControl: fatal: D:/Program Files (x86)/Epic Games/UE_4.22/Engine/Content/EngineMaterials/AntiAliasedTextMaterialTranslucent.uasset: 'D:/Program Files (x86)/Epic Games/UE_4.22/Engine/Content/EngineMaterials/AntiAliasedTextMaterialTranslucent.uasset' is outside repository
[2019.10.05-01.42.49:139][602]SourceControl: fatal: D:/Program Files (x86)/Epic Games/UE_4.22/Engine/Content/VREditor/UI/ArrowMaterial.uasset: 'D:/Program Files (x86)/Epic Games/UE_4.22/Engine/Content/VREditor/UI/ArrowMaterial.uasset' is outside repository
[2019.10.05-01.42.50:395][725]SourceControl: fatal: D:/Program Files (x86)/Epic Games/UE_4.22/Engine/Content/EngineMaterials: 'D:/Program Files (x86)/Epic Games/UE_4.22/Engine/Content/EngineMaterials' is outside repository
[2019.10.05-01.42.52:324][906]SourceControl: fatal: D:/Program Files (x86)/Epic Games/UE_4.22/Engine/Content/MapTemplates/MASTER_Sky_Material_DEFAULT_MAP.uasset: 'D:/Program Files (x86)/Epic Games/UE_4.22/Engine/Content/MapTemplates/MASTER_Sky_Material_DEFAULT_MAP.uasset' is outside repository
[2019.10.05-01.42.56:570][347]LogSlate: FSceneViewport::OnFocusLost() reason 2
[2019.10.05-01.42.57:656][466]SourceControl: fatal: D:/Program Files (x86)/Epic Games/UE_4.22/Engine/Content/VREditor/Fonts/VRText_RobotoLarge.uasset: 'D:/Program Files (x86)/Epic Games/UE_4.22/Engine/Content/VREditor/Fonts/VRText_RobotoLarge.uasset' is outside repository
[2019.10.05-01.42.57:729][473]SourceControl: fatal: D:/Program Files (x86)/Epic Games/UE_4.22/Engine/Content/EngineFonts: 'D:/Program Files (x86)/Epic Games/UE_4.22/Engine/Content/EngineFonts' is outside repository
[2019.10.05-01.42.57:729][473]SourceControl: fatal: D:/Program Files (x86)/Epic Games/UE_4.22/Engine/Content/EditorResources/SmallFont.uasset: 'D:/Program Files (x86)/Epic Games/UE_4.22/Engine/Content/EditorResources/SmallFont.uasset' is outside repository
[2019.10.05-01.42.58:698][579]LogSlate: FSceneViewport::OnFocusLost() reason 2
[2019.10.05-01.42.59:877][704]LogSlate: FSceneViewport::OnFocusLost() reason 2
[2019.10.05-01.43.02:486][987]LogSlate: FSceneViewport::OnFocusLost() reason 0
[2019.10.05-01.43.02:587][999]BlueprintLog: New page: Compile BP_soil
[2019.10.05-01.43.02:746][999]LogUObjectHash: Compacting FUObjectHashTables data took   2.54ms
[2019.10.05-01.43.03:319][ 50]LogSlate: FSceneViewport::OnFocusLost() reason 2
[2019.10.05-01.43.03:341][ 50]Cmd: OBJ SAVEPACKAGE PACKAGE="/Game/Blueprints/BP_soil" FILE="C:/Users/Westo/Documents/GitHub/Gardening/gardengame/Content/Blueprints/BP_soil.uasset" SILENT=true
[2019.10.05-01.43.03:382][ 50]LogSavePackage: Moving 'C:/Users/Westo/Documents/GitHub/Gardening/gardengame/Saved/BP_soilDBF60268465110F8EB17E9B7BD62FA2A.tmp' to 'C:/Users/Westo/Documents/GitHub/Gardening/gardengame/Content/Blueprints/BP_soil.uasset'
[2019.10.05-01.43.04:048][121]LogSlate: FSceneViewport::OnFocusLost() reason 0
[2019.10.05-01.43.04:156][134]LogTemp: Repeating last play command: Selected Viewport
[2019.10.05-01.43.04:168][134]LogBlueprintUserMessages: Early PlayInEditor Detection: Level '/Game/Maps/ThirdPersonExampleMap.ThirdPersonExampleMap:PersistentLevel' has LevelScriptBlueprint '/Game/Maps/ThirdPersonExampleMap.ThirdPersonExampleMap:PersistentLevel.ThirdPersonExampleMap' with GeneratedClass '/Game/Maps/ThirdPersonExampleMap.ThirdPersonExampleMap_C' with ClassGeneratedBy '/Game/Maps/ThirdPersonExampleMap.ThirdPersonExampleMap:PersistentLevel.ThirdPersonExampleMap'
[2019.10.05-01.43.04:168][134]LogPlayLevel: PlayLevel: No blueprints needed recompiling
[2019.10.05-01.43.04:168][134]PIE: New page: PIE session: ThirdPersonExampleMap (Oct 4, 2019, 11:43:04 AM)
[2019.10.05-01.43.04:168][134]LogPlayLevel: Creating play world package: /Game/Maps/UEDPIE_0_ThirdPersonExampleMap
[2019.10.05-01.43.04:176][134]LogPlayLevel: PIE: StaticDuplicateObject took: (0.008199s)
[2019.10.05-01.43.04:177][134]LogAIModule: Creating AISystem for world ThirdPersonExampleMap
[2019.10.05-01.43.04:177][134]LogPlayLevel: PIE: World Init took: (0.000545s)
[2019.10.05-01.43.04:177][134]LogPlayLevel: PIE: Created PIE world by copying editor world from /Game/Maps/ThirdPersonExampleMap.ThirdPersonExampleMap to /Game/Maps/UEDPIE_0_ThirdPersonExampleMap.ThirdPersonExampleMap (0.008883s)
[2019.10.05-01.43.04:205][134]LogUObjectHash: Compacting FUObjectHashTables data took   2.18ms
[2019.10.05-01.43.04:231][134]LogInit: XAudio2 using 'Speakers ( Nuforce   µDAC )' : 2 channels at 48 kHz using 16 bits per sample (channel mask 0x3)
[2019.10.05-01.43.04:239][134]LogInit: FAudioDevice initialized.
[2019.10.05-01.43.04:270][134]LogLoad: Game class is 'GardenGameMode_C'
[2019.10.05-01.43.04:271][134]LogWorld: Bringing World /Game/Maps/UEDPIE_0_ThirdPersonExampleMap.ThirdPersonExampleMap up for play (max tick rate 0) at 2019.10.04-18.43.04
[2019.10.05-01.43.04:272][134]LogWorld: Bringing up level for play took: 0.001205
[2019.10.05-01.43.04:284][134]PIE: Play in editor start time for /Game/Maps/UEDPIE_0_ThirdPersonExampleMap 0.159
[2019.10.05-01.43.04:284][134]LogBlueprintUserMessages: Late PlayInEditor Detection: Level '/Game/Maps/ThirdPersonExampleMap.ThirdPersonExampleMap:PersistentLevel' has LevelScriptBlueprint '/Game/Maps/ThirdPersonExampleMap.ThirdPersonExampleMap:PersistentLevel.ThirdPersonExampleMap' with GeneratedClass '/Game/Maps/ThirdPersonExampleMap.ThirdPersonExampleMap_C' with ClassGeneratedBy '/Game/Maps/ThirdPersonExampleMap.ThirdPersonExampleMap:PersistentLevel.ThirdPersonExampleMap'
[2019.10.05-01.43.06:286][367]LogBlueprintUserMessages: Early EndPlayMap Detection: Level '/Game/Maps/ThirdPersonExampleMap.ThirdPersonExampleMap:PersistentLevel' has LevelScriptBlueprint '/Game/Maps/ThirdPersonExampleMap.ThirdPersonExampleMap:PersistentLevel.ThirdPersonExampleMap' with GeneratedClass '/Game/Maps/ThirdPersonExampleMap.ThirdPersonExampleMap_C' with ClassGeneratedBy '/Game/Maps/ThirdPersonExampleMap.ThirdPersonExampleMap:PersistentLevel.ThirdPersonExampleMap'
[2019.10.05-01.43.06:286][367]LogSlate: Updating window title bar state: overlay mode, drag disabled, window buttons hidden, title bar hidden
[2019.10.05-01.43.06:313][367]LogPlayLevel: Display: Shutting down PIE online subsystems
[2019.10.05-01.43.06:313][367]LogBlueprintUserMessages: Late EndPlayMap Detection: Level '/Game/Maps/ThirdPersonExampleMap.ThirdPersonExampleMap:PersistentLevel' has LevelScriptBlueprint '/Game/Maps/ThirdPersonExampleMap.ThirdPersonExampleMap:PersistentLevel.ThirdPersonExampleMap' with GeneratedClass '/Game/Maps/ThirdPersonExampleMap.ThirdPersonExampleMap_C' with ClassGeneratedBy '/Game/Maps/ThirdPersonExampleMap.ThirdPersonExampleMap:PersistentLevel.ThirdPersonExampleMap'
[2019.10.05-01.43.06:341][367]LogSlate: Updating window title bar state: overlay mode, drag disabled, window buttons hidden, title bar hidden
[2019.10.05-01.43.06:344][367]LogUObjectHash: Compacting FUObjectHashTables data took   1.39ms
[2019.10.05-01.43.06:414][369]LogPlayLevel: Display: Destroying online subsystem :Context_7
[2019.10.05-01.43.09:146][688]LogSlate: FSceneViewport::OnFocusLost() reason 2
[2019.10.05-01.43.10:312][821]SourceControl: fatal: D:/Program Files (x86)/Epic Games/UE_4.22/Engine/Content/EngineFonts: 'D:/Program Files (x86)/Epic Games/UE_4.22/Engine/Content/EngineFonts' is outside repository
[2019.10.05-01.43.10:312][821]SourceControl: fatal: D:/Program Files (x86)/Epic Games/UE_4.22/Engine/Content/EditorResources/SmallFont.uasset: 'D:/Program Files (x86)/Epic Games/UE_4.22/Engine/Content/EditorResources/SmallFont.uasset' is outside repository
[2019.10.05-01.43.21:873][144]SourceControl: fatal: D:/Program Files (x86)/Epic Games/UE_4.22/Engine/Content/EngineFonts: 'D:/Program Files (x86)/Epic Games/UE_4.22/Engine/Content/EngineFonts' is outside repository
[2019.10.05-01.43.21:874][144]SourceControl: fatal: D:/Program Files (x86)/Epic Games/UE_4.22/Engine/Content/EditorResources/SmallFont.uasset: 'D:/Program Files (x86)/Epic Games/UE_4.22/Engine/Content/EditorResources/SmallFont.uasset' is outside repository
[2019.10.05-01.43.22:225][185]SourceControl: fatal: D:/Program Files (x86)/Epic Games/UE_4.22/Engine/Content/VREditor/Fonts/VRText_RobotoLarge.uasset: 'D:/Program Files (x86)/Epic Games/UE_4.22/Engine/Content/VREditor/Fonts/VRText_RobotoLarge.uasset' is outside repository
[2019.10.05-01.43.25:414][548]SourceControl: fatal: D:/Program Files (x86)/Epic Games/UE_4.22/Engine/Content/EngineFonts: 'D:/Program Files (x86)/Epic Games/UE_4.22/Engine/Content/EngineFonts' is outside repository
[2019.10.05-01.43.25:414][548]SourceControl: fatal: D:/Program Files (x86)/Epic Games/UE_4.22/Engine/Content/EditorResources/SmallFont.uasset: 'D:/Program Files (x86)/Epic Games/UE_4.22/Engine/Content/EditorResources/SmallFont.uasset' is outside repository
[2019.10.05-01.43.43:523][661]LogEditorTransaction: Undo Modify Component(s)
[2019.10.05-01.43.43:858][695]LogEditorTransaction: Undo Add Component
[2019.10.05-01.43.44:182][730]LogEditorTransaction: Undo Remove Components
[2019.10.05-01.43.46:632][ 14]LogSlate: FSceneViewport::OnFocusLost() reason 2
[2019.10.05-01.43.47:709][137]SourceControl: fatal: D:/Program Files (x86)/Epic Games/UE_4.22/Engine/Content/VREditor/Fonts/VRText_RobotoLarge.uasset: 'D:/Program Files (x86)/Epic Games/UE_4.22/Engine/Content/VREditor/Fonts/VRText_RobotoLarge.uasset' is outside repository
[2019.10.05-01.43.47:792][145]SourceControl: fatal: D:/Program Files (x86)/Epic Games/UE_4.22/Engine/Content/EngineFonts: 'D:/Program Files (x86)/Epic Games/UE_4.22/Engine/Content/EngineFonts' is outside repository
[2019.10.05-01.43.47:792][145]SourceControl: fatal: D:/Program Files (x86)/Epic Games/UE_4.22/Engine/Content/EditorResources/SmallFont.uasset: 'D:/Program Files (x86)/Epic Games/UE_4.22/Engine/Content/EditorResources/SmallFont.uasset' is outside repository
[2019.10.05-01.43.54:585][941]LogSlate: FSceneViewport::OnFocusLost() reason 0
[2019.10.05-01.44.15:088][377]BlueprintLog: New page: Compile BP_soil
[2019.10.05-01.44.15:234][377]LogUObjectHash: Compacting FUObjectHashTables data took   2.57ms
[2019.10.05-01.44.15:625][411]LogSlate: FSceneViewport::OnFocusLost() reason 2
[2019.10.05-01.44.15:639][411]Cmd: OBJ SAVEPACKAGE PACKAGE="/Game/Blueprints/BP_soil" FILE="C:/Users/Westo/Documents/GitHub/Gardening/gardengame/Content/Blueprints/BP_soil.uasset" SILENT=true
[2019.10.05-01.44.15:682][411]LogSavePackage: Moving 'C:/Users/Westo/Documents/GitHub/Gardening/gardengame/Saved/BP_soilB8FE62F4425802953121AA97C99022F3.tmp' to 'C:/Users/Westo/Documents/GitHub/Gardening/gardengame/Content/Blueprints/BP_soil.uasset'
[2019.10.05-01.44.16:538][508]LogSlate: FSceneViewport::OnFocusLost() reason 0
[2019.10.05-01.44.16:630][519]LogTemp: Repeating last play command: Selected Viewport
[2019.10.05-01.44.16:643][519]LogBlueprintUserMessages: Early PlayInEditor Detection: Level '/Game/Maps/ThirdPersonExampleMap.ThirdPersonExampleMap:PersistentLevel' has LevelScriptBlueprint '/Game/Maps/ThirdPersonExampleMap.ThirdPersonExampleMap:PersistentLevel.ThirdPersonExampleMap' with GeneratedClass '/Game/Maps/ThirdPersonExampleMap.ThirdPersonExampleMap_C' with ClassGeneratedBy '/Game/Maps/ThirdPersonExampleMap.ThirdPersonExampleMap:PersistentLevel.ThirdPersonExampleMap'
[2019.10.05-01.44.16:643][519]LogPlayLevel: PlayLevel: No blueprints needed recompiling
[2019.10.05-01.44.16:643][519]PIE: New page: PIE session: ThirdPersonExampleMap (Oct 4, 2019, 11:44:16 AM)
[2019.10.05-01.44.16:644][519]LogPlayLevel: Creating play world package: /Game/Maps/UEDPIE_0_ThirdPersonExampleMap
[2019.10.05-01.44.16:652][519]LogPlayLevel: PIE: StaticDuplicateObject took: (0.008591s)
[2019.10.05-01.44.16:653][519]LogAIModule: Creating AISystem for world ThirdPersonExampleMap
[2019.10.05-01.44.16:653][519]LogPlayLevel: PIE: World Init took: (0.000505s)
[2019.10.05-01.44.16:653][519]LogPlayLevel: PIE: Created PIE world by copying editor world from /Game/Maps/ThirdPersonExampleMap.ThirdPersonExampleMap to /Game/Maps/UEDPIE_0_ThirdPersonExampleMap.ThirdPersonExampleMap (0.009228s)
[2019.10.05-01.44.16:680][519]LogUObjectHash: Compacting FUObjectHashTables data took   1.86ms
[2019.10.05-01.44.16:707][519]LogInit: XAudio2 using 'Speakers ( Nuforce   µDAC )' : 2 channels at 48 kHz using 16 bits per sample (channel mask 0x3)
[2019.10.05-01.44.16:715][519]LogInit: FAudioDevice initialized.
[2019.10.05-01.44.16:743][519]LogLoad: Game class is 'GardenGameMode_C'
[2019.10.05-01.44.16:745][519]LogWorld: Bringing World /Game/Maps/UEDPIE_0_ThirdPersonExampleMap.ThirdPersonExampleMap up for play (max tick rate 0) at 2019.10.04-18.44.16
[2019.10.05-01.44.16:745][519]LogWorld: Bringing up level for play took: 0.001353
[2019.10.05-01.44.16:758][519]PIE: Play in editor start time for /Game/Maps/UEDPIE_0_ThirdPersonExampleMap 0.633
[2019.10.05-01.44.16:758][519]LogBlueprintUserMessages: Late PlayInEditor Detection: Level '/Game/Maps/ThirdPersonExampleMap.ThirdPersonExampleMap:PersistentLevel' has LevelScriptBlueprint '/Game/Maps/ThirdPersonExampleMap.ThirdPersonExampleMap:PersistentLevel.ThirdPersonExampleMap' with GeneratedClass '/Game/Maps/ThirdPersonExampleMap.ThirdPersonExampleMap_C' with ClassGeneratedBy '/Game/Maps/ThirdPersonExampleMap.ThirdPersonExampleMap:PersistentLevel.ThirdPersonExampleMap'
[2019.10.05-01.44.57:568][397]LogSlate: FSceneViewport::OnFocusLost() reason 2
[2019.10.05-01.44.58:463][490]SourceControl: fatal: D:/Program Files (x86)/Epic Games/UE_4.22/Engine/Content: 'D:/Program Files (x86)/Epic Games/UE_4.22/Engine/Content' is outside repository
[2019.10.05-01.44.58:516][490]LogSlate: FSceneViewport::OnFocusLost() reason 2
[2019.10.05-01.44.59:735][490]LogSlate: Window 'Save Content' being destroyed
[2019.10.05-01.44.59:746][490]LogSlate: FSceneViewport::OnFocusLost() reason 2
[2019.10.05-01.44.59:836][490]LogUObjectHash: Compacting FUObjectHashTables data took   1.38ms
[2019.10.05-01.44.59:976][490]LogSavePackage: Moving 'C:/Users/Westo/Documents/GitHub/Gardening/gardengame/Saved/ThirdPersonExampleMap2729342F481E9E1DF30D27914AC6B0FF.tmp' to 'C:/Users/Westo/Documents/GitHub/Gardening/gardengame/Content/Maps/ThirdPersonExampleMap.umap'
[2019.10.05-01.44.59:997][490]LogFileHelpers: Saving map 'ThirdPersonExampleMap' took 0.186
[2019.10.05-01.45.00:002][490]LogSlate: FSceneViewport::OnFocusLost() reason 2
[2019.10.05-01.45.04:408][490]LogSlate: Window 'Submit Files' being destroyed
[2019.10.05-01.45.04:417][490]LogSlate: FSceneViewport::OnFocusLost() reason 2
[2019.10.05-01.45.04:540][490]LogSlate: FSceneViewport::OnFocusLost() reason 2
[2019.10.05-01.45.05:139][490]LogSourceControl: commit successful: [master 65e8388] fixed font error
[2019.10.05-01.45.05:238][490]SourceControl: [master 65e8388] fixed font error
[2019.10.05-01.45.05:238][490]SourceControl:  3 files changed, 0 insertions(+), 0 deletions(-)
[2019.10.05-01.45.05:238][490]SourceControl:  rewrite gardengame/Content/Blueprints/BP_soil.uasset (85%)
[2019.10.05-01.45.05:245][490]SourceControl: Commited [master 65e8388] fixed font error.
