"C:/Users/Westo/Documents/GitHub/Gardening/gardengame/Content/gardenGameInstance.uasset" 0
"C:/Users/Westo/Documents/GitHub/Gardening/gardengame/Content/Blueprints/Blueprints/garden_playerController.uasset" 1
"../../../Engine/Content/EngineMeshes/Humanoid.uasset" 2
"C:/Users/Westo/Documents/GitHub/Gardening/gardengame/Content/Mannequin/Character/Mesh/bolt_01_Skeleton.uasset" 3
"C:/Users/Westo/Documents/GitHub/Gardening/gardengame/Content/Mannequin/Animations/bolt/handOut_item.uasset" 4
"C:/Users/Westo/Documents/GitHub/Gardening/gardengame/Content/Mannequin/Animations/bolt/ThirdPerson_Jump.uasset" 5
"C:/Users/Westo/Documents/GitHub/Gardening/gardengame/Content/Mannequin/Animations/bolt/ThirdPersonJump_Loop.uasset" 6
"C:/Users/Westo/Documents/GitHub/Gardening/gardengame/Content/Mannequin/Animations/bolt/ThirdPersonJump_Start.uasset" 7
"C:/Users/Westo/Documents/GitHub/Gardening/gardengame/Content/Mannequin/Animations/bolt/ThirdPersonIdle.uasset" 8
"C:/Users/Westo/Documents/GitHub/Gardening/gardengame/Content/Mannequin/Animations/bolt/ThirdPersonWalk.uasset" 9
"C:/Users/Westo/Documents/GitHub/Gardening/gardengame/Content/Mannequin/Animations/bolt/ThirdPerson_IdleRun_2D.uasset" 10
"../../../Engine/Content/EditorBlueprintResources/StandardMacros.uasset" 11
"C:/Users/Westo/Documents/GitHub/Gardening/gardengame/Content/sounds/sfx_class.uasset" 12
"C:/Users/Westo/Documents/GitHub/Gardening/gardengame/Content/sounds/step_01.uasset" 13
"C:/Users/Westo/Documents/GitHub/Gardening/gardengame/Content/Mannequin/Animations/bolt/boltAnim_BP.uasset" 14
"C:/Users/Westo/Documents/GitHub/Gardening/gardengame/Content/Mannequin/Animations/bolt/bolt_plant_harvest_place_01.uasset" 15
"C:/Users/Westo/Documents/GitHub/Gardening/gardengame/Content/Mannequin/Animations/bolt/plant_harvest_montage.uasset" 16
"C:/Users/Westo/Documents/GitHub/Gardening/gardengame/Content/Mannequin/Animations/bolt/water_animation_01.uasset" 17
"C:/Users/Westo/Documents/GitHub/Gardening/gardengame/Content/Mannequin/Animations/bolt/water_animation_01_Montage.uasset" 18
"../../../Engine/Content/EngineFonts/Faces/RobotoBold.uasset" 19
"C:/Users/Westo/Documents/GitHub/Gardening/gardengame/Content/Fonts/Pixel12x10.uasset" 20
"C:/Users/Westo/Documents/GitHub/Gardening/gardengame/Content/Fonts/Pixeled.uasset" 21
"C:/Users/Westo/Documents/GitHub/Gardening/gardengame/Content/Fonts/Pixel12x10_Font.uasset" 22
"C:/Users/Westo/Documents/GitHub/Gardening/gardengame/Content/Fonts/Pixeled_Font.uasset" 23
"C:/Users/Westo/Documents/GitHub/Gardening/gardengame/Content/Blueprints/interaction.uasset" 24
"C:/Users/Westo/Documents/GitHub/Gardening/gardengame/Content/Blueprints/seedTypes.uasset" 25
"C:/Users/Westo/Documents/GitHub/Gardening/gardengame/Content/Blueprints/UI/arrow.uasset" 26
"C:/Users/Westo/Documents/GitHub/Gardening/gardengame/Content/sounds/missionComplete_text_SFX.uasset" 27
"C:/Users/Westo/Documents/GitHub/Gardening/gardengame/Content/Blueprints/UI/BP_endScreen.uasset" 28
"C:/Users/Westo/Documents/GitHub/Gardening/gardengame/Content/sounds/blip.uasset" 29
"C:/Users/Westo/Documents/GitHub/Gardening/gardengame/Content/sprites/harvest.uasset" 30
"C:/Users/Westo/Documents/GitHub/Gardening/gardengame/Content/sprites/plant_seed.uasset" 31
"C:/Users/Westo/Documents/GitHub/Gardening/gardengame/Content/sprites/water_can.uasset" 32
"C:/Users/Westo/Documents/GitHub/Gardening/gardengame/Content/Blueprints/UI/BP_mainDisplay.uasset" 33
"C:/Users/Westo/Documents/GitHub/Gardening/gardengame/Content/Shaders/circle_decal.uasset" 34
"C:/Users/Westo/Documents/GitHub/Gardening/gardengame/Content/Shaders/M_interactCircle.uasset" 35
"C:/Users/Westo/Documents/GitHub/Gardening/gardengame/Content/Shaders/M_Master_Translu.uasset" 36
"C:/Users/Westo/Documents/GitHub/Gardening/gardengame/Content/Shaders/M_WaterTower.uasset" 37
"C:/Users/Westo/Documents/GitHub/Gardening/gardengame/Content/Shaders/circuit_palette.uasset" 38
"C:/Users/Westo/Documents/GitHub/Gardening/gardengame/Content/Shaders/circuit.uasset" 39
"C:/Users/Westo/Documents/GitHub/Gardening/gardengame/Content/Geometry/Meshes/waterCan_EXTREME.uasset" 40
"C:/Users/Westo/Documents/GitHub/Gardening/gardengame/Content/Geometry/Meshes/waterCan_model.uasset" 41
"C:/Users/Westo/Documents/GitHub/Gardening/gardengame/Content/Shaders/M_glass.uasset" 42
"C:/Users/Westo/Documents/GitHub/Gardening/gardengame/Content/Mannequin/Character/Mesh/bolt_01_PhysicsAsset.uasset" 43
"C:/Users/Westo/Documents/GitHub/Gardening/gardengame/Content/Mannequin/Character/Mesh/bolt_01.uasset" 44
"C:/Users/Westo/Documents/GitHub/Gardening/gardengame/Content/Blueprints/Blueprints/mizu_character.uasset" 45
"C:/Users/Westo/Documents/GitHub/Gardening/gardengame/Content/Blueprints/UI/Garden_HUD.uasset" 46
"C:/Users/Westo/Documents/GitHub/Gardening/gardengame/Content/gardenGameState.uasset" 47
"C:/Users/Westo/Documents/GitHub/Gardening/gardengame/Content/Blueprints/Blueprints/GardenGameMode.uasset" 48
"C:/Users/Westo/Documents/GitHub/Gardening/gardengame/Content/Geometry/Meshes/seed_01.uasset" 49
"C:/Users/Westo/Documents/GitHub/Gardening/gardengame/Content/sounds/harvest.uasset" 50
"C:/Users/Westo/Documents/GitHub/Gardening/gardengame/Content/Blueprints/bp_sunFlowerSeedPickup.uasset" 51
"C:/Users/Westo/Documents/GitHub/Gardening/gardengame/Content/Blueprints/bp_seedPickup.uasset" 52
"../../../Engine/Content/BasicShapes/BasicShapeMaterial.uasset" 53
"C:/Users/Westo/Documents/GitHub/Gardening/gardengame/Content/Shaders/CubeMaterial.uasset" 54
"../../../Engine/Content/Functions/Engine_MaterialFunctions01/Opacity/CameraDepthFade.uasset" 55
"../../../Engine/Content/EngineMaterials/T_Default_Material_Grid_M.uasset" 56
"../../../Engine/Content/EngineMaterials/T_Default_Material_Grid_N.uasset" 57
"../../../Engine/Content/EngineMaterials/WorldGridMaterial.uasset" 58
"../../../Engine/Content/BasicShapes/Cube.uasset" 59
"../../../Engine/Content/EngineMaterials/DefaultMaterial.uasset" 60
"../../../Engine/Content/EngineMeshes/Cube.uasset" 61
"C:/Users/Westo/Documents/GitHub/Gardening/gardengame/Content/Blueprints/BP_waterTower.uasset" 62
"C:/Users/Westo/Documents/GitHub/Gardening/gardengame/Content/Blueprints/Blueprints/ThirdPersonCharacter.uasset" 63
"C:/Users/Westo/Documents/GitHub/Gardening/gardengame/Content/Blueprints/Blueprints/ThirdPersonGameMode.uasset" 64
"C:/Users/Westo/Documents/GitHub/Gardening/gardengame/Content/Blueprints/Maps/ThirdPersonExampleMap.uasset" 65
"C:/Users/Westo/Documents/GitHub/Gardening/gardengame/Content/Maps/ThirdPersonExampleMap_BuiltData.uasset" 66
"C:/Users/Westo/Documents/GitHub/Gardening/gardengame/Content/Blueprints/Maps/ThirdPersonExampleMap_BuiltData.uasset" 67
"C:/Users/Westo/Documents/GitHub/Gardening/gardengame/Content/Fonts/Pixel12x10_distanceField.uasset" 68
"C:/Users/Westo/Documents/GitHub/Gardening/gardengame/Content/Fonts/pixel12x10Material.uasset" 69
"C:/Users/Westo/Documents/GitHub/Gardening/gardengame/Content/Geometry/Meshes/CubeMaterial.uasset" 70
"C:/Users/Westo/Documents/GitHub/Gardening/gardengame/Content/Geometry/Meshes/1M_Cube.uasset" 71
"C:/Users/Westo/Documents/GitHub/Gardening/gardengame/Content/Geometry/Meshes/1M_Cube_Chamfer.uasset" 72
"C:/Users/Westo/Documents/GitHub/Gardening/gardengame/Content/Geometry/Meshes/circuit_palette.uasset" 73
"C:/Users/Westo/Documents/GitHub/Gardening/gardengame/Content/Geometry/Meshes/palmTree_0_Skeleton.uasset" 74
"C:/Users/Westo/Documents/GitHub/Gardening/gardengame/Content/Geometry/Meshes/palmTree_fall.uasset" 75
"C:/Users/Westo/Documents/GitHub/Gardening/gardengame/Content/Geometry/Meshes/palmTree_fall_Montage.uasset" 76
"C:/Users/Westo/Documents/GitHub/Gardening/gardengame/Content/Geometry/Meshes/rocket_placeholder.uasset" 77
"C:/Users/Westo/Documents/GitHub/Gardening/gardengame/Content/Mannequin/Character/Mesh/UE4_Mannequin_Skeleton.uasset" 78
"C:/Users/Westo/Documents/GitHub/Gardening/gardengame/Content/Mannequin/Animations/ThirdPersonJump_End.uasset" 79
"C:/Users/Westo/Documents/GitHub/Gardening/gardengame/Content/Mannequin/Animations/ThirdPerson_Jump.uasset" 80
"C:/Users/Westo/Documents/GitHub/Gardening/gardengame/Content/Mannequin/Animations/ThirdPersonJump_Loop.uasset" 81
"C:/Users/Westo/Documents/GitHub/Gardening/gardengame/Content/Mannequin/Animations/ThirdPersonJump_Start.uasset" 82
"C:/Users/Westo/Documents/GitHub/Gardening/gardengame/Content/Mannequin/Animations/ThirdPersonIdle.uasset" 83
"C:/Users/Westo/Documents/GitHub/Gardening/gardengame/Content/Mannequin/Animations/ThirdPersonRun.uasset" 84
"C:/Users/Westo/Documents/GitHub/Gardening/gardengame/Content/Mannequin/Animations/ThirdPersonWalk.uasset" 85
"C:/Users/Westo/Documents/GitHub/Gardening/gardengame/Content/Mannequin/Animations/ThirdPerson_IdleRun_2D.uasset" 86
"C:/Users/Westo/Documents/GitHub/Gardening/gardengame/Content/Mannequin/Animations/ThirdPerson_AnimBP.uasset" 87
"C:/Users/Westo/Documents/GitHub/Gardening/gardengame/Content/Mannequin/Animations/bolt/ThirdPersonRun.uasset" 88
"C:/Users/Westo/Documents/GitHub/Gardening/gardengame/Content/Mannequin/Animations/bolt/ThirdPerson_AnimBP.uasset" 89
"C:/Users/Westo/Documents/GitHub/Gardening/gardengame/Content/Mannequin/Character/Mesh/boltMapping.uasset" 90
"C:/Users/Westo/Documents/GitHub/Gardening/gardengame/Content/Mannequin/Character/Mesh/glass1.uasset" 91
"../../../Engine/Content/Functions/Engine_MaterialFunctions02/Utility/BlendAngleCorrectedNormals.uasset" 92
"../../../Engine/Content/Functions/MaterialLayerFunctions/MatLayerBlend_NormalBlend.uasset" 93
"../../../Engine/Content/Functions/MaterialLayerFunctions/MatLayerBlend_Simple.uasset" 94
"C:/Users/Westo/Documents/GitHub/Gardening/gardengame/Content/Mannequin/Character/Materials/MaterialLayers/T_ML_Rubber_Blue_01_D.uasset" 95
"C:/Users/Westo/Documents/GitHub/Gardening/gardengame/Content/Mannequin/Character/Materials/MaterialLayers/T_ML_Rubber_Blue_01_N.uasset" 96
"C:/Users/Westo/Documents/GitHub/Gardening/gardengame/Content/Mannequin/Character/Materials/MaterialLayers/ML_GlossyBlack_Latex_UE4.uasset" 97
"C:/Users/Westo/Documents/GitHub/Gardening/gardengame/Content/Mannequin/Character/Materials/MaterialLayers/ML_Plastic_Shiny_Beige.uasset" 98
"C:/Users/Westo/Documents/GitHub/Gardening/gardengame/Content/Mannequin/Character/Textures/UE4_LOGO_CARD.uasset" 99
"C:/Users/Westo/Documents/GitHub/Gardening/gardengame/Content/Mannequin/Character/Materials/MaterialLayers/ML_Plastic_Shiny_Beige_LOGO.uasset" 100
"C:/Users/Westo/Documents/GitHub/Gardening/gardengame/Content/Mannequin/Character/Materials/MaterialLayers/T_ML_Aluminum01.uasset" 101
"C:/Users/Westo/Documents/GitHub/Gardening/gardengame/Content/Mannequin/Character/Materials/MaterialLayers/T_ML_Aluminum01_N.uasset" 102
"C:/Users/Westo/Documents/GitHub/Gardening/gardengame/Content/Mannequin/Character/Materials/MaterialLayers/ML_SoftMetal_UE4.uasset" 103
"C:/Users/Westo/Documents/GitHub/Gardening/gardengame/Content/Mannequin/Character/Textures/UE4_Mannequin__normals.uasset" 104
"C:/Users/Westo/Documents/GitHub/Gardening/gardengame/Content/Mannequin/Character/Textures/UE4_Mannequin_MAT_MASKA.uasset" 105
"C:/Users/Westo/Documents/GitHub/Gardening/gardengame/Content/Mannequin/Character/Materials/M_UE4Man_Body.uasset" 106
"C:/Users/Westo/Documents/GitHub/Gardening/gardengame/Content/Mannequin/Character/Textures/UE4Man_Logo_N.uasset" 107
"C:/Users/Westo/Documents/GitHub/Gardening/gardengame/Content/Mannequin/Character/Materials/M_UE4Man_ChestLogo.uasset" 108
"C:/Users/Westo/Documents/GitHub/Gardening/gardengame/Content/Mannequin/Character/Mesh/SK_Mannequin_PhysicsAsset.uasset" 109
"C:/Users/Westo/Documents/GitHub/Gardening/gardengame/Content/Mannequin/Character/Mesh/SK_Mannequin.uasset" 110
"C:/Users/Westo/Documents/GitHub/Gardening/gardengame/Content/Mannequin/Character/Mesh/WATERMAT.uasset" 111
"C:/Users/Westo/Documents/GitHub/Gardening/gardengame/Content/sounds/music_class.uasset" 112
"C:/Users/Westo/Documents/GitHub/Gardening/gardengame/Content/sounds/music/backgroundMusic.uasset" 113
"C:/Users/Westo/Documents/GitHub/Gardening/gardengame/Content/Splash/Splash.uasset" 114
"C:/Users/Westo/Documents/GitHub/Gardening/gardengame/Content/sprites/water_can_Mat.uasset" 115
"../../../Engine/Content/Animation/DefaultAnimCurveCompressionSettings.uasset" 116
"../../../Engine/Content/ArtTools/RenderToTexture/Meshes/S_1_Unit_Plane.uasset" 117
"../../../Engine/Content/BasicShapes/Cone.uasset" 118
"../../../Engine/Content/BasicShapes/Cylinder.uasset" 119
"../../../Engine/Content/BasicShapes/Plane.uasset" 120
"../../../Engine/Content/BasicShapes/Sphere.uasset" 121
"../../../Engine/Content/EditorLandscapeResources/DataLayer.uasset" 122
"../../../Engine/Content/EditorMaterials/GizmoMaterial.uasset" 123
"../../../Engine/Content/EditorMaterials/MAT_Groups_Toggle.uasset" 124
"../../../Engine/Content/EditorMaterials/MAT_Groups_Visibility.uasset" 125
"../../../Engine/Content/EditorMaterials/PreviewShadowIndicator.uasset" 126
"../../../Engine/Content/EditorMaterials/PreviewShadowIndicatorMaterial.uasset" 127
"../../../Engine/Content/EditorMaterials/MatineeGroups/MAT_ColorTrack.uasset" 128
"../../../Engine/Content/EditorMaterials/MatineeGroups/MAT_Groups_Anim.uasset" 129
"../../../Engine/Content/EditorMaterials/MatineeGroups/MAT_Groups_AudioMaster.uasset" 130
"../../../Engine/Content/EditorMaterials/MatineeGroups/MAT_Groups_Director.uasset" 131
"../../../Engine/Content/EditorMaterials/MatineeGroups/MAT_Groups_Event.uasset" 132
"../../../Engine/Content/EditorMaterials/MatineeGroups/MAT_Groups_Fade.uasset" 133
"../../../Engine/Content/EditorMaterials/MatineeGroups/MAT_Groups_Float.uasset" 134
"../../../Engine/Content/EditorMaterials/MatineeGroups/MAT_Groups_Move.uasset" 135
"../../../Engine/Content/EditorMaterials/MatineeGroups/MAT_Groups_Slomo.uasset" 136
"../../../Engine/Content/EditorMaterials/MatineeGroups/MAT_Groups_Sound.uasset" 137
"../../../Engine/Content/EditorMaterials/MatineeGroups/MAT_Groups_Vector.uasset" 138
"../../../Engine/Content/EditorMaterials/ParticleSystems/PSysThumbnail_NoImage.uasset" 139
"../../../Engine/Content/EditorMaterials/ParticleSystems/PSysThumbnail_OOD.uasset" 140
"../../../Engine/Content/EditorMaterials/Camera/CineMat.uasset" 141
"../../../Engine/Content/EditorMaterials/Camera/MI_CineMat_Rig.uasset" 142
"../../../Engine/Content/EditorMeshes/Camera/SM_CraneRig_Arm.uasset" 143
"../../../Engine/Content/EditorMeshes/Camera/SM_CraneRig_Base.uasset" 144
"../../../Engine/Content/EditorMeshes/Camera/SM_CraneRig_Body.uasset" 145
"../../../Engine/Content/EditorMeshes/Camera/SM_CraneRig_Mount.uasset" 146
"../../../Engine/Content/EditorMeshes/Camera/SM_RailRig_Mount.uasset" 147
"../../../Engine/Content/EditorMeshes/Camera/SM_RailRig_Track.uasset" 148
"../../../Engine/Content/EditorResources/BSPVertex.uasset" 149
"../../../Engine/Content/EditorResources/EmptyActor.uasset" 150
"../../../Engine/Content/EditorResources/S_Actor.uasset" 151
"../../../Engine/Content/EditorResources/S_Note.uasset" 152
"../../../Engine/Content/EditorResources/S_Trigger.uasset" 153
"../../../Engine/Content/EditorResources/AudioIcons/S_AudioComponent_AutoActivate.uasset" 154
"../../../Engine/Content/EditorResources/LightIcons/S_LightError.uasset" 155
"../../../Engine/Content/EditorResources/SequenceRecorder/Countdown.uasset" 156
"../../../Engine/Content/EditorResources/SequenceRecorder/RecordingIndicator.uasset" 157
"../../../Engine/Content/EditorSounds/Notifications/CompileFailed.uasset" 158
"../../../Engine/Content/EditorSounds/Notifications/CompileFailed_Cue.uasset" 159
"../../../Engine/Content/EditorSounds/Notifications/CompileSuccess.uasset" 160
"../../../Engine/Content/EditorSounds/Notifications/CompileStart_Cue.uasset" 161
"../../../Engine/Content/EditorSounds/Notifications/CompileSuccess_Cue.uasset" 162
"../../../Engine/Content/EngineDamageTypes/DmgTypeBP_Environmental.uasset" 163
"../../../Engine/Content/EngineDebugMaterials/HeatmapGradient.uasset" 164
"../../../Engine/Content/EngineDebugMaterials/BoneWeightMaterial.uasset" 165
"../../../Engine/Content/EngineDebugMaterials/ClothMaterial.uasset" 166
"../../../Engine/Content/EngineDebugMaterials/ClothMaterial_WF.uasset" 167
"../../../Engine/Content/EngineDebugMaterials/DebugEditorMaterial.uasset" 168
"../../../Engine/Content/EngineDebugMaterials/DebugMeshMaterial.uasset" 169
"../../../Engine/Content/EngineDebugMaterials/GeomMaterial.uasset" 170
"../../../Engine/Content/EngineDebugMaterials/M_SimpleTranslucent.uasset" 171
"../../../Engine/Content/EngineFonts/Faces/RobotoBoldItalic.uasset" 172
"../../../Engine/Content/EngineFonts/Faces/RobotoItalic.uasset" 173
"../../../Engine/Content/EngineFonts/Faces/RobotoLight.uasset" 174
"../../../Engine/Content/EngineFonts/Faces/RobotoRegular.uasset" 175
"../../../Engine/Content/EngineFonts/Roboto.uasset" 176
"../../../Engine/Content/EngineFonts/Faces/RobotoTiny.uasset" 177
"../../../Engine/Content/EngineFonts/RobotoTiny.uasset" 178
"../../../Engine/Content/EngineMaterials/BaseFlattenDiffuseMap.uasset" 179
"../../../Engine/Content/EngineMaterials/BaseFlattenEmissiveMap.uasset" 180
"../../../Engine/Content/EngineMaterials/BaseFlattenGrayscaleMap.uasset" 181
"../../../Engine/Content/EngineMaterials/BaseFlattenNormalMap.uasset" 182
"../../../Engine/Content/EngineMaterials/BaseFlattenMaterial.uasset" 183
"../../../Engine/Content/EngineMaterials/DefaultBloomKernel.uasset" 184
"../../../Engine/Content/EngineMaterials/DefaultBokeh.uasset" 185
"../../../Engine/Content/EngineMaterials/DefaultDiffuse.uasset" 186
"../../../Engine/Content/EngineMaterials/DefaultDeferredDecalMaterial.uasset" 187
"../../../Engine/Content/EngineMaterials/DefaultLightFunctionMaterial.uasset" 188
"../../../Engine/Content/EngineMaterials/DefaultPhysicalMaterial.uasset" 189
"../../../Engine/Content/Functions/Engine_MaterialFunctions02/Utility/BreakOutFloat2Components.uasset" 190
"../../../Engine/Content/EngineMaterials/DefaultPostProcessMaterial.uasset" 191
"../../../Engine/Content/EngineFonts/RobotoDistanceField.uasset" 192
"../../../Engine/Content/EngineMaterials/DefaultTextMaterialOpaque.uasset" 193
"../../../Engine/Content/EngineMaterials/DefaultWhiteGrid.uasset" 194
"../../../Engine/Content/EngineMaterials/EditorBrushMaterial.uasset" 195
"../../../Engine/Content/EngineMaterials/Good64x64TilingNoiseHighFreq.uasset" 196
"../../../Engine/Content/EngineMaterials/MiniFont.uasset" 197
"../../../Engine/Content/EngineMaterials/InvalidLightmapSettings.uasset" 198
"../../../Engine/Content/EngineMaterials/M_InvalidLightmapSettings.uasset" 199
"../../../Engine/Content/Functions/Engine_MaterialFunctions02/WorldPositionOffset/CameraOffset.uasset" 200
"../../../Engine/Content/EngineMaterials/PhAT_JointLimitMaterial.uasset" 201
"../../../Engine/Content/EngineMaterials/PreintegratedSkinBRDF.uasset" 202
"../../../Engine/Content/EngineMaterials/RemoveSurfaceMaterial.uasset" 203
"../../../Engine/Content/EngineMaterials/WeightMapPlaceholderTexture.uasset" 204
"../../../Engine/Content/EngineResources/WhiteSquareTexture.uasset" 205
"../../../Engine/Content/EngineMaterials/Widget3DPassThrough.uasset" 206
"../../../Engine/Content/EngineMaterials/Widget3DPassThrough_Masked.uasset" 207
"../../../Engine/Content/EngineMaterials/Widget3DPassThrough_Opaque.uasset" 208
"../../../Engine/Content/EngineMaterials/Widget3DPassThrough_Masked_OneSided.uasset" 209
"../../../Engine/Content/EngineMaterials/Widget3DPassThrough_Opaque_OneSided.uasset" 210
"../../../Engine/Content/EngineMaterials/Widget3DPassThrough_Translucent.uasset" 211
"../../../Engine/Content/EngineMaterials/Widget3DPassThrough_Translucent_OneSided.uasset" 212
"../../../Engine/Content/EngineMeshes/Cylinder.uasset" 213
"../../../Engine/Content/EngineMeshes/Sphere.uasset" 214
"../../../Engine/Content/EngineResources/Black.uasset" 215
"../../../Engine/Content/EngineResources/DefaultTexture.uasset" 216
"../../../Engine/Content/EngineResources/DefaultTextureCube.uasset" 217
"../../../Engine/Content/EngineResources/DefaultVolumeTexture2D.uasset" 218
"../../../Engine/Content/EngineResources/DefaultVolumeTexture.uasset" 219
"../../../Engine/Content/EngineResources/GradientTexture0.uasset" 220
"../../../Engine/Content/Functions/Engine_MaterialFunctions01/Shading/ConvertFromDiffSpec.uasset" 221
"../../../Engine/Content/Functions/Engine_MaterialFunctions01/Shading/PowerToRoughness.uasset" 222
"../../../Engine/Content/Maps/Templates/Thumbnails/Default.uasset" 223
"../../../Engine/Content/Maps/Templates/Thumbnails/VR-Basic.uasset" 224
"../../../Engine/Content/MobileResources/T_MobileControls_texture.uasset" 225
"../../../Engine/Content/MobileResources/T_MobileMenu2.uasset" 226
"../../../Engine/Content/MobileResources/HUD/AnalogHat.uasset" 227
"../../../Engine/Content/MobileResources/HUD/VirtualJoystick_Background.uasset" 228
"../../../Engine/Content/MobileResources/HUD/VirtualJoystick_Thumb.uasset" 229
"../../../Engine/Content/MobileResources/HUD/DefaultVirtualJoysticks.uasset" 230
"../../../Engine/Content/MobileResources/HUD/LeftVirtualJoystickOnly.uasset" 231
"../../../Engine/Content/MobileResources/HUD/MobileHUDButton1_off.uasset" 232
"../../../Engine/Content/MobileResources/HUD/MobileHUDButton1_on.uasset" 233
"../../../Engine/Content/MobileResources/HUD/MobileHUDButton2_off.uasset" 234
"../../../Engine/Content/MobileResources/HUD/MobileHUDButton2_on.uasset" 235
"../../../Engine/Content/MobileResources/HUD/MobileHUDButton3.uasset" 236
"../../../Engine/Content/MobileResources/HUD/MobileHUDButtonFire.uasset" 237
"../../../Engine/Content/MobileResources/HUD/MobileHUDDirectionPad.uasset" 238
"../../../Engine/Content/MobileResources/HUD/MobileHUDDirectionPad2.uasset" 239
"../../../Engine/Content/MobileResources/HUD/MobileHUDDirectionPad3.uasset" 240
"../../../Engine/Content/MobileResources/HUD/MobileHUDDirectionStick.uasset" 241
"../../../Engine/Content/MobileResources/HUD/T_Castle_ThumbstickInner.uasset" 242
"../../../Engine/Content/MobileResources/HUD/T_Castle_ThumbstickOutter.uasset" 243
"../../../Engine/Content/Tutorial/ContentIntroCurve.uasset" 244
"../../../Engine/Content/Tutorial/Basics/LevelEditorAttract.uasset" 245
"../../../Engine/Content/Tutorial/Installation/InstallingVisualStudioTutorial.uasset" 246
"../../../Engine/Content/VREditor/LaserPointer/VR_LaserPower_01.uasset" 247
"../../../Engine/Content/VREditor/TransformGizmo/TransformGizmoMaterial.uasset" 248
"../../../Engine/Content/VREditor/TransformGizmo/TranslucentTransformGizmoMaterial.uasset" 249
"../../../Engine/Content/VREditor/TransformGizmo/BoundingBoxCorner.uasset" 250
"../../../Engine/Content/VREditor/TransformGizmo/BoundingBoxEdge.uasset" 251
"../../../Engine/Content/VREditor/TransformGizmo/PlaneTranslationHandle.uasset" 252
"../../../Engine/Content/VREditor/TransformGizmo/Main.uasset" 253
"../../../Engine/Content/VREditor/TransformGizmo/Xray.uasset" 254
"../../../Engine/Content/VREditor/TransformGizmo/SM_Sequencer_Key.uasset" 255
"../../../Engine/Content/VREditor/TransformGizmo/SM_Sequencer_Node.uasset" 256
"../../Plugins/2D/Paper2D/Content/PlaceholderTextures/DummySpriteTexture.uasset" 257
"../../Plugins/2D/Paper2D/Content/DummySprite.uasset" 258
"../../Plugins/2D/Paper2D/Content/DefaultPaperTerrainMaterial.uasset" 259
"../../Plugins/2D/Paper2D/Content/DummySpriteTexture.uasset" 260
"../../Plugins/2D/Paper2D/Content/DefaultSpriteMaterial.uasset" 261
"../../Plugins/2D/Paper2D/Content/MaskedUnlitSpriteMaterial.uasset" 262
"../../Plugins/2D/Paper2D/Content/OpaqueUnlitSpriteMaterial.uasset" 263
"../../Plugins/Runtime/Oculus/OculusVR/Content/OculusMR_RenderTarget.uasset" 264
"../../../Engine/Content/Functions/Engine_MaterialFunctions02/Utility/BreakOutFloat4Components.uasset" 265
"../../../Engine/Content/Functions/Engine_MaterialFunctions02/Utility/MakeFloat2.uasset" 266
"../../../Engine/Content/Functions/Engine_MaterialFunctions02/Utility/MakeFloat3.uasset" 267
"../../Plugins/Runtime/Oculus/OculusVR/Content/Materials/OculusMR_ChromaKey.uasset" 268
"../../Plugins/Runtime/Oculus/OculusVR/Content/Materials/OculusMR_ChromaKey_Lit.uasset" 269
"../../Plugins/Runtime/Oculus/OculusVR/Content/Materials/OculusMR_OpaqueColoredMaterial.uasset" 270
"../../Plugins/Runtime/Oculus/OculusVR/Content/Materials/OculusMR_WhiteMaterial.uasset" 271
"../../Plugins/Runtime/Oculus/OculusVR/Content/Materials/PokeAHoleMaterial.uasset" 272
"../../Plugins/Runtime/Oculus/OculusVR/Content/Textures/GearVRController_AO.uasset" 273
"../../Plugins/Runtime/Oculus/OculusVR/Content/Textures/GearVRController_Color.uasset" 274
"../../Plugins/Runtime/Oculus/OculusVR/Content/Textures/GearVRController_Normal.uasset" 275
"../../Plugins/Runtime/Oculus/OculusVR/Content/Materials/GearVRControllerMaterial.uasset" 276
"../../Plugins/Runtime/Oculus/OculusVR/Content/Meshes/GearVrController.uasset" 277
"../../Plugins/Runtime/Oculus/OculusVR/Content/Textures/touchController_albedo.uasset" 278
"../../Plugins/Runtime/Oculus/OculusVR/Content/Textures/touchController_controlmap.uasset" 279
"../../Plugins/Runtime/Oculus/OculusVR/Content/Materials/touchController_mat.uasset" 280
"../../Plugins/Runtime/Oculus/OculusVR/Content/Meshes/LeftTouchController.uasset" 281
"../../Plugins/Runtime/Oculus/OculusVR/Content/Meshes/RiftHMD.uasset" 282
"../../Plugins/Runtime/Oculus/OculusVR/Content/Meshes/RightTouchController.uasset" 283
"C:/Users/Westo/Documents/GitHub/Gardening/gardengame/Content/Geometry/Meshes/bridge_01_Skeleton.uasset" 284
"C:/Users/Westo/Documents/GitHub/Gardening/gardengame/Content/Geometry/Meshes/bridge_open_01.uasset" 285
"C:/Users/Westo/Documents/GitHub/Gardening/gardengame/Content/Geometry/Meshes/bridge_open_01_Montage.uasset" 286
"C:/Users/Westo/Documents/GitHub/Gardening/gardengame/Content/Geometry/Meshes/door_01_Skeleton.uasset" 287
"C:/Users/Westo/Documents/GitHub/Gardening/gardengame/Content/Geometry/Meshes/door_open_01.uasset" 288
"C:/Users/Westo/Documents/GitHub/Gardening/gardengame/Content/Geometry/Meshes/doorOpen_montage.uasset" 289
"C:/Users/Westo/Documents/GitHub/Gardening/gardengame/Content/Geometry/Meshes/door_01_PhysicsAsset.uasset" 290
"C:/Users/Westo/Documents/GitHub/Gardening/gardengame/Content/Geometry/Meshes/door_01.uasset" 291
"C:/Users/Westo/Documents/GitHub/Gardening/gardengame/Content/sounds/OPENdoor.uasset" 292
"C:/Users/Westo/Documents/GitHub/Gardening/gardengame/Content/Blueprints/bP_door.uasset" 293
"C:/Users/Westo/Documents/GitHub/Gardening/gardengame/Content/Geometry/Meshes/bridge_01_PhysicsAsset.uasset" 294
"C:/Users/Westo/Documents/GitHub/Gardening/gardengame/Content/Geometry/Meshes/bridge_01.uasset" 295
"C:/Users/Westo/Documents/GitHub/Gardening/gardengame/Content/Blueprints/bP_bridge.uasset" 296
"C:/Users/Westo/Documents/GitHub/Gardening/gardengame/Content/Blueprints/bp_trigger.uasset" 297
"../../../Engine/Content/EngineSky/C_Sky_Cloud_Color.uasset" 298
"../../../Engine/Content/EngineSky/C_Sky_Horizon_Color.uasset" 299
"../../../Engine/Content/EngineSky/C_Sky_Zenith_Color.uasset" 300
"../../../Engine/Content/EngineSky/T_Sky_Blue.uasset" 301
"../../../Engine/Content/EngineSky/T_Sky_Clouds_M.uasset" 302
"../../../Engine/Content/EngineSky/T_Sky_Stars.uasset" 303
"../../../Engine/Content/EngineSky/M_Sky_Panning_Clouds2.uasset" 304
"../../../Engine/Content/EngineSky/SM_SkySphere.uasset" 305
"../../../Engine/Content/EngineSky/BP_Sky_Sphere.uasset" 306
"C:/Users/Westo/Documents/GitHub/Gardening/gardengame/Content/Geometry/Meshes/sunFlower_0_Skeleton.uasset" 307
"C:/Users/Westo/Documents/GitHub/Gardening/gardengame/Content/Geometry/Meshes/flower_idle.uasset" 308
"C:/Users/Westo/Documents/GitHub/Gardening/gardengame/Content/Geometry/Meshes/sunFlower_animBP.uasset" 309
"C:/Users/Westo/Documents/GitHub/Gardening/gardengame/Content/Geometry/Meshes/palmTree_0_PhysicsAsset.uasset" 310
"C:/Users/Westo/Documents/GitHub/Gardening/gardengame/Content/Geometry/Meshes/palmTree_0.uasset" 311
"C:/Users/Westo/Documents/GitHub/Gardening/gardengame/Content/Blueprints/BP_palm_tree.uasset" 312
"C:/Users/Westo/Documents/GitHub/Gardening/gardengame/Content/Blueprints/BP_Sunflower.uasset" 313
"C:/Users/Westo/Documents/GitHub/Gardening/gardengame/Content/Shaders/M_soil_Grow.uasset" 314
"C:/Users/Westo/Documents/GitHub/Gardening/gardengame/Content/sounds/deny.uasset" 315
"C:/Users/Westo/Documents/GitHub/Gardening/gardengame/Content/sounds/plant.uasset" 316
"C:/Users/Westo/Documents/GitHub/Gardening/gardengame/Content/Blueprints/BP_soil.uasset" 317
"C:/Users/Westo/Documents/GitHub/Gardening/gardengame/Content/Geometry/Meshes/sunFlower_0.uasset" 318
"C:/Users/Westo/Documents/GitHub/Gardening/gardengame/Content/sounds/purchase.uasset" 319
"C:/Users/Westo/Documents/GitHub/Gardening/gardengame/Content/Blueprints/BP_plantClass.uasset" 320
"C:/Users/Westo/Documents/GitHub/Gardening/gardengame/Content/Geometry/Meshes/cactus_01_PhysicsAsset.uasset" 321
"C:/Users/Westo/Documents/GitHub/Gardening/gardengame/Content/Geometry/Meshes/cactus_01_Skeleton.uasset" 322
"C:/Users/Westo/Documents/GitHub/Gardening/gardengame/Content/Geometry/Meshes/cactus_01.uasset" 323
"C:/Users/Westo/Documents/GitHub/Gardening/gardengame/Content/Blueprints/BP_Cactus.uasset" 324
"C:/Users/Westo/Documents/GitHub/Gardening/gardengame/Content/Geometry/Meshes/cactus_seed_01.uasset" 325
"C:/Users/Westo/Documents/GitHub/Gardening/gardengame/Content/Blueprints/bp_cactusSeedPickup.uasset" 326
"C:/Users/Westo/Documents/GitHub/Gardening/gardengame/Content/Geometry/Meshes/dispenser_01.uasset" 327
"C:/Users/Westo/Documents/GitHub/Gardening/gardengame/Content/Blueprints/bp_dispenser.uasset" 328
"C:/Users/Westo/Documents/GitHub/Gardening/gardengame/Content/Shaders/M_Energy.uasset" 329
"C:/Users/Westo/Documents/GitHub/Gardening/gardengame/Content/Geometry/Meshes/computer_01.uasset" 330
"C:/Users/Westo/Documents/GitHub/Gardening/gardengame/Content/Geometry/Meshes/computer_energy.uasset" 331
"C:/Users/Westo/Documents/GitHub/Gardening/gardengame/Content/sounds/energyDeposit.uasset" 332
"C:/Users/Westo/Documents/GitHub/Gardening/gardengame/Content/Blueprints/BP_interactable.uasset" 333
"C:/Users/Westo/Documents/GitHub/Gardening/gardengame/Content/Geometry/Meshes/TemplateFloor.uasset" 334
"C:/Users/Westo/Documents/GitHub/Gardening/gardengame/Content/sounds/water_capacity.uasset" 335
"C:/Users/Westo/Documents/GitHub/Gardening/gardengame/Content/sounds/water_pickup.uasset" 336
"C:/Users/Westo/Documents/GitHub/Gardening/gardengame/Content/Blueprints/bp_ocean.uasset" 337
"C:/Users/Westo/Documents/GitHub/Gardening/gardengame/Content/sprites/New_Piskel-1_png_4_.uasset" 338
"C:/Users/Westo/Documents/GitHub/Gardening/gardengame/Content/Shaders/M_decal_arrow.uasset" 339
"C:/Users/Westo/Documents/GitHub/Gardening/gardengame/Content/Geometry/Meshes/sign.uasset" 340
"C:/Users/Westo/Documents/GitHub/Gardening/gardengame/Content/Blueprints/bp_sign.uasset" 341
"C:/Users/Westo/Documents/GitHub/Gardening/gardengame/Content/Blueprints/invis_wall.uasset" 342
"C:/Users/Westo/Documents/GitHub/Gardening/gardengame/Content/Geometry/Meshes/palmTree_static.uasset" 343
"C:/Users/Westo/Documents/GitHub/Gardening/gardengame/Content/Blueprints/palm_decor_01.uasset" 344
"C:/Users/Westo/Documents/GitHub/Gardening/gardengame/Content/Shaders/M_Master_Basic.uasset" 345
"C:/Users/Westo/Documents/GitHub/Gardening/gardengame/Content/Shaders/M_stoneLighter.uasset" 346
"C:/Users/Westo/Documents/GitHub/Gardening/gardengame/Content/Geometry/Meshes/steppingStone.uasset" 347
"C:/Users/Westo/Documents/GitHub/Gardening/gardengame/Content/Blueprints/steppingStone_path.uasset" 348
"C:/Users/Westo/Documents/GitHub/Gardening/gardengame/Content/Shaders/M_green.uasset" 349
"C:/Users/Westo/Documents/GitHub/Gardening/gardengame/Content/Shaders/M_sand.uasset" 350
"C:/Users/Westo/Documents/GitHub/Gardening/gardengame/Content/Shaders/M_sand1.uasset" 351
"C:/Users/Westo/Documents/GitHub/Gardening/gardengame/Content/Shaders/M_stone.uasset" 352
"C:/Users/Westo/Documents/GitHub/Gardening/gardengame/Content/Shaders/M_stone_02.uasset" 353
"C:/Users/Westo/Documents/GitHub/Gardening/gardengame/Content/Shaders/M_water.uasset" 354
"C:/Users/Westo/Documents/GitHub/Gardening/gardengame/Content/Shaders/M_water_Inst.uasset" 355
"C:/Users/Westo/Documents/GitHub/Gardening/gardengame/Content/Geometry/Meshes/boundry_bouyies.uasset" 356
"C:/Users/Westo/Documents/GitHub/Gardening/gardengame/Content/Geometry/Meshes/ship_Final_01.uasset" 357
"C:/Users/Westo/Documents/GitHub/Gardening/gardengame/Content/sounds/master_mix.uasset" 358
"C:/Users/Westo/Documents/GitHub/Gardening/gardengame/Content/sounds/music/backgroundMusic_1_.uasset" 359
"C:/Users/Westo/Documents/GitHub/Gardening/gardengame/Content/sounds/music/beach_music.uasset" 360
"C:/Users/Westo/Documents/GitHub/Gardening/gardengame/Content/Maps/ThirdPersonExampleMap.umap" 361
"../../../Engine/Content/Maps/Entry_BuiltData.uasset" 362
"../../../Engine/Content/Maps/Entry.umap" 363
